
UsersController
  GET #edit
    ログインユーザーの場合
[32m      レスポンスが成功すること[0m
[32m      @userが正しく設定されていること[0m

Bookモデルのテスト
  バリデーションのテスト
    titleカラム
[32m      空欄でないこと[0m
    bodyカラム
[32m      空欄でないこと[0m
[32m      200文字以下であること: 200文字は〇[0m
[32m      200文字以下であること: 201文字は×[0m
  アソシエーションのテスト
    Userモデルとの関係
[32m      N:1となっている[0m

Userモデルのテスト
  バリデーションのテスト
    nameカラム
[32m      空欄でないこと[0m
[32m      2文字以上であること: 1文字は×[0m
[32m      2文字以上であること: 2文字は〇[0m
[32m      20文字以下であること: 20文字は〇[0m
[32m      20文字以下であること: 21文字は×[0m
[32m      一意性があること[0m
    introductionカラム
[32m      50文字以下であること: 50文字は〇[0m
[32m      50文字以下であること: 51文字は×[0m
  アソシエーションのテスト
    Bookモデルとの関係
[32m      1:Nとなっている[0m

[STEP1] ユーザログイン前のテスト
  トップ画面のテスト
    表示内容の確認
[32m      URLが正しい[0m
[32m      Log inリンクが表示される: 青色のボタンの表示が「Log in」である[0m
[32m      Log inリンクの内容が正しい[0m
[32m      Sign upリンクが表示される: 緑色のボタンの表示が「Sign up」である[0m
[32m      Sign upリンクの内容が正しい[0m
  アバウト画面のテスト
    表示内容の確認
[32m      URLが正しい[0m
  ヘッダーのテスト: ログインしていない場合
    表示内容の確認
[32m      Bookersリンクが表示される: 左上から1番目のリンクが「Bookers」である[0m
[32m      Homeリンクが表示される: 左上から2番目のリンクが「Home」である[0m
[32m      Aboutリンクが表示される: 左上から3番目のリンクが「About」である[0m
[32m      Sign upリンクが表示される: 左上から4番目のリンクが「Sign up」である[0m
[32m      Log inリンクが表示される: 左上から5番目のリンクが「Log in」である[0m
    リンクの内容を確認
[32m      Bookersを押すと、トップ画面に遷移する[0m
[32m      Homeを押すと、トップ画面に遷移する[0m
[32m      Aboutを押すと、アバウト画面に遷移する[0m
[32m      Sign upを押すと、新規登録画面に遷移する[0m
[32m      Log inを押すと、ログイン画面に遷移する[0m
  ユーザ新規登録のテスト
    表示内容の確認
[32m      URLが正しい[0m
[32m      「Sign up」と表示される[0m
[32m      nameフォームが表示される[0m
[32m      emailフォームが表示される[0m
[32m      passwordフォームが表示される[0m
[32m      password_confirmationフォームが表示される[0m
[32m      Sign upボタンが表示される[0m
    新規登録成功のテスト
[31m      正しく新規登録される (FAILED - 1)[0m
[31m      新規登録後のリダイレクト先が、新規登録できたユーザの詳細画面になっている (FAILED - 2)[0m
  ユーザログイン
    表示内容の確認
[32m      URLが正しい[0m
[32m      「Log in」と表示される[0m
[32m      nameフォームが表示される[0m
[32m      passwordフォームが表示される[0m
[32m      Log inボタンが表示される[0m
[32m      emailフォームは表示されない[0m
    ログイン成功のテスト
[31m      ログイン後のリダイレクト先が、ログインしたユーザの詳細画面になっている (FAILED - 3)[0m
    ログイン失敗のテスト
[32m      ログインに失敗し、ログイン画面にリダイレクトされる[0m
  ヘッダーのテスト: ログインしている場合
    ヘッダーの表示を確認
[31m      Bookersリンクが表示される: 左上から1番目のリンクが「Bookers」である (FAILED - 4)[0m
[31m      Homeリンクが表示される: 左上から2番目のリンクが「Home」である (FAILED - 5)[0m
[31m      Usersリンクが表示される: 左上から3番目のリンクが「Users」である (FAILED - 6)[0m
[31m      Booksリンクが表示される: 左上から4番目のリンクが「Books」である (FAILED - 7)[0m
[31m      Log outリンクが表示される: 左上から5番目のリンクが「Log out」である (FAILED - 8)[0m
  ユーザログアウトのテスト
    ログアウト機能のテスト
[31m      正しくログアウトできている: ログアウト後のリダイレクト先においてAbout画面へのリンクが存在する (FAILED - 9)[0m
[31m      ログアウト後のリダイレクト先が、トップになっている (FAILED - 10)[0m

[STEP2] ユーザログイン後のテスト
  ヘッダーのテスト: ログインしている場合
    リンクの内容を確認: ※logoutは『ユーザログアウトのテスト』でテスト済みになります。
[32m      Homeを押すと、自分のユーザ詳細画面に遷移する[0m
[32m      Usersを押すと、ユーザ一覧画面に遷移する[0m
[32m      Booksを押すと、投稿一覧画面に遷移する[0m
  投稿一覧画面のテスト
    表示内容の確認
[32m      URLが正しい[0m
[32m      自分と他人の画像のリンク先が正しい[0m
[32m      自分の投稿と他人の投稿のタイトルのリンク先がそれぞれ正しい[0m
[32m      自分の投稿と他人の投稿のオピニオンが表示される[0m
    サイドバーの確認
[32m      自分の名前と紹介文が表示される[0m
[32m      自分のユーザ編集画面へのリンクが存在する[0m
[32m      「New book」と表示される[0m
[32m      titleフォームが表示される[0m
[32m      titleフォームに値が入っていない[0m
[32m      bodyフォームが表示される[0m
[32m      bodyフォームに値が入っていない[0m
[32m      Create Bookボタンが表示される[0m
    投稿成功のテスト
[32m      自分の新しい投稿が正しく保存される[0m
[32m      リダイレクト先が、保存できた投稿の詳細画面になっている[0m
  自分の投稿詳細画面のテスト
    表示内容の確認
[32m      URLが正しい[0m
[32m      「Book detail」と表示される[0m
[32m      ユーザ画像・名前のリンク先が正しい[0m
[32m      投稿のtitleが表示される[0m
[32m      投稿のbodyが表示される[0m
[32m      投稿の編集リンクが表示される[0m
[32m      投稿の削除リンクが表示される[0m
    サイドバーの確認
[32m      自分の名前と紹介文が表示される[0m
[32m      自分のユーザ編集画面へのリンクが存在する[0m
[32m      「New book」と表示される[0m
[32m      titleフォームが表示される[0m
[32m      titleフォームに値が入っていない[0m
[32m      bodyフォームが表示される[0m
[32m      bodyフォームに値が入っていない[0m
[32m      Create Bookボタンが表示される[0m
    投稿成功のテスト
[32m      自分の新しい投稿が正しく保存される[0m
    編集リンクのテスト
[32m      編集画面に遷移する[0m
    削除リンクのテスト
[32m      application.html.erbにjavascript_pack_tagを含んでいる[0m
[32m      正しく削除される[0m
[32m      リダイレクト先が、投稿一覧画面になっている[0m
  自分の投稿編集画面のテスト
    表示の確認
[32m      URLが正しい[0m
[32m      「Editing Book」と表示される[0m
[32m      title編集フォームが表示される[0m
[32m      body編集フォームが表示される[0m
[32m      Update Bookボタンが表示される[0m
[32m      Showリンクが表示される[0m
[32m      Backリンクが表示される[0m
    編集成功のテスト
[32m      titleが正しく更新される[0m
[32m      bodyが正しく更新される[0m
[32m      リダイレクト先が、更新した投稿の詳細画面になっている[0m
  ユーザ一覧画面のテスト
    表示内容の確認
[32m      URLが正しい[0m
[32m      自分と他人の画像が表示される: fallbackの画像がサイドバーの1つ＋一覧(2人)の2つの計3つ存在する[0m
[32m      自分と他人の名前がそれぞれ表示される[0m
[32m      自分と他人のshowリンクがそれぞれ表示される[0m
    サイドバーの確認
[32m      自分の名前と紹介文が表示される[0m
[32m      自分のユーザ編集画面へのリンクが存在する[0m
[32m      「New book」と表示される[0m
[32m      titleフォームが表示される[0m
[32m      titleフォームに値が入っていない[0m
[32m      bodyフォームが表示される[0m
[32m      bodyフォームに値が入っていない[0m
[32m      Create Bookボタンが表示される[0m
  自分のユーザ詳細画面のテスト
    表示の確認
[32m      URLが正しい[0m
[32m      投稿一覧のユーザ画像のリンク先が正しい[0m
[32m      投稿一覧に自分の投稿のtitleが表示され、リンクが正しい[0m
[32m      投稿一覧に自分の投稿のbodyが表示される[0m
[32m      他人の投稿は表示されない[0m
    サイドバーの確認
[32m      自分の名前と紹介文が表示される[0m
[32m      自分のユーザ編集画面へのリンクが存在する[0m
[32m      「New book」と表示される[0m
[32m      titleフォームが表示される[0m
[32m      titleフォームに値が入っていない[0m
[32m      bodyフォームが表示される[0m
[32m      bodyフォームに値が入っていない[0m
[32m      Create Bookボタンが表示される[0m
  自分のユーザ情報編集画面のテスト
    表示の確認
[32m      URLが正しい[0m
[32m      名前編集フォームに自分の名前が表示される[0m
[32m      画像編集フォームが表示される[0m
[32m      自己紹介編集フォームに自分の自己紹介文が表示される[0m
[32m      Update Userボタンが表示される[0m
    更新成功のテスト
[32m      nameが正しく更新される[0m
[32m      introductionが正しく更新される[0m
[32m      リダイレクト先が、自分のユーザ詳細画面になっている[0m

[STEP3] 仕上げのテスト
  サクセスメッセージのテスト
[31m    ユーザ新規登録成功時 (FAILED - 11)[0m
[32m    ユーザログイン成功時[0m
[32m    ユーザログアウト成功時[0m
[32m    ユーザのプロフィール情報更新成功時[0m
[32m    投稿データの新規投稿成功時: 投稿一覧画面から行います。[0m
[32m    投稿データの更新成功時[0m
  処理失敗時のテスト
    ユーザ新規登録失敗: nameを1文字にする
[32m      新規登録されない[0m
[32m      新規登録画面を表示しており、フォームの内容が正しい[0m
[32m      バリデーションエラーが表示される[0m
    ユーザのプロフィール情報編集失敗: nameを1文字にする
[32m      更新されない[0m
[32m      ユーザ編集画面を表示しており、フォームの内容が正しい[0m
[32m      バリデーションエラーが表示される[0m
    投稿データの新規投稿失敗: 投稿一覧画面から行い、titleを空にする
[32m      投稿が保存されない[0m
[32m      投稿一覧画面を表示している[0m
[32m      新規投稿フォームの内容が正しい[0m
[32m      バリデーションエラーが表示される[0m
    投稿データの更新失敗: titleを空にする
[32m      投稿が更新されない[0m
[32m      投稿編集画面を表示しており、フォームの内容が正しい[0m
[32m      エラーメッセージが表示される[0m
  ログインしていない場合のアクセス制限のテスト: アクセスできず、ログイン画面に遷移する
[32m    ユーザ一覧画面[0m
[32m    ユーザ詳細画面[0m
[32m    ユーザ情報編集画面[0m
[32m    投稿一覧画面[0m
[32m    投稿詳細画面[0m
[32m    投稿編集画面[0m
  他人の画面のテスト
    他人の投稿詳細画面のテスト
      表示内容の確認
[32m        URLが正しい[0m
[32m        「Book detail」と表示される[0m
[32m        ユーザ画像・名前のリンク先が正しい[0m
[32m        投稿のtitleが表示される[0m
[32m        投稿のopinionが表示される[0m
[32m        投稿の編集リンクが表示されない[0m
[32m        投稿の削除リンクが表示されない[0m
      サイドバーの確認
[31m        他人の名前と紹介文が表示される (FAILED - 12)[0m
[32m        他人のユーザ編集画面へのリンクが存在する[0m
[31m        自分の名前と紹介文は表示されない (FAILED - 13)[0m
[32m        自分のユーザ編集画面へのリンクは存在しない[0m
    他人の投稿編集画面
[32m      遷移できず、投稿一覧画面にリダイレクトされる[0m
    他人のユーザ詳細画面のテスト
      表示の確認
[32m        URLが正しい[0m
[32m        投稿一覧のユーザ画像のリンク先が正しい[0m
[32m        投稿一覧に他人の投稿のtitleが表示され、リンクが正しい[0m
[32m        投稿一覧に他人の投稿のopinionが表示される[0m
[32m        自分の投稿は表示されない[0m
      サイドバーの確認
[31m        他人の名前と紹介文が表示される (FAILED - 14)[0m
[32m        他人のユーザ編集画面へのリンクが存在する[0m
[31m        自分の名前と紹介文は表示されない (FAILED - 15)[0m
[32m        自分のユーザ編集画面へのリンクは存在しない[0m
    他人のユーザ情報編集画面
[31m      遷移できず、自分のユーザ詳細画面にリダイレクトされる (FAILED - 16)[0m
  グリッドシステムのテスト: container, row, col-md-〇を正しく使えている
[32m    ユーザ一覧画面[0m
[32m    ユーザ詳細画面[0m
[32m    投稿一覧画面[0m
[32m    投稿詳細画面[0m
  アイコンのテスト
    トップ画面
[32m      本のアイコンが表示される[0m
    アバウト画面
[32m      本のアイコンが表示される[0m
    ヘッダー: ログインしていない場合
[32m      Homeリンクのアイコンが表示される[0m
[32m      Aboutリンクのアイコンが表示される[0m
[32m      Sign upリンクのアイコンが表示される[0m
[32m      Log inリンクのアイコンが表示される[0m
    ヘッダー: ログインしている場合
[32m      Homeリンクのアイコンが表示される[0m
[32m      Usersリンクのアイコンが表示される[0m
[32m      Booksリンクのアイコンが表示される[0m
[32m      Log outリンクのアイコンが表示される[0m
    サイドバー
[32m      ユーザ一覧画面でレンチアイコンが表示される[0m
[32m      ユーザ詳細画面でレンチアイコンが表示される[0m
[32m      投稿一覧画面でレンチアイコンが表示される[0m
[32m      投稿詳細画面でレンチアイコンが表示される[0m

Failures:

  1) [STEP1] ユーザログイン前のテスト ユーザ新規登録のテスト 新規登録成功のテスト 正しく新規登録される
     [31mFailure/Error: @book = Book.find(params[:id])[0m
     [31m[0m
     [31mActiveRecord::RecordNotFound:[0m
     [31m  Couldn't find Book with 'id'=1[0m
     [36m# ./app/controllers/users_controller.rb:26:in `show'[0m
     [36m# /home/ec2-user/.rvm/gems/ruby-3.1.2/gems/actiontext-6.1.7.7/lib/action_text/rendering.rb:20:in `with_renderer'[0m
     [36m# /home/ec2-user/.rvm/gems/ruby-3.1.2/gems/actiontext-6.1.7.7/lib/action_text/engine.rb:59:in `block (4 levels) in <class:Engine>'[0m
     [36m# /home/ec2-user/.rvm/gems/ruby-3.1.2/gems/warden-1.2.9/lib/warden/manager.rb:36:in `block in call'[0m
     [36m# /home/ec2-user/.rvm/gems/ruby-3.1.2/gems/warden-1.2.9/lib/warden/manager.rb:34:in `catch'[0m
     [36m# /home/ec2-user/.rvm/gems/ruby-3.1.2/gems/warden-1.2.9/lib/warden/manager.rb:34:in `call'[0m
     [36m# /home/ec2-user/.rvm/gems/ruby-3.1.2/gems/rack-2.2.8.1/lib/rack/tempfile_reaper.rb:15:in `call'[0m
     [36m# /home/ec2-user/.rvm/gems/ruby-3.1.2/gems/rack-2.2.8.1/lib/rack/etag.rb:27:in `call'[0m
     [36m# /home/ec2-user/.rvm/gems/ruby-3.1.2/gems/rack-2.2.8.1/lib/rack/conditional_get.rb:27:in `call'[0m
     [36m# /home/ec2-user/.rvm/gems/ruby-3.1.2/gems/rack-2.2.8.1/lib/rack/head.rb:12:in `call'[0m
     [36m# /home/ec2-user/.rvm/gems/ruby-3.1.2/gems/rack-2.2.8.1/lib/rack/session/abstract/id.rb:266:in `context'[0m
     [36m# /home/ec2-user/.rvm/gems/ruby-3.1.2/gems/rack-2.2.8.1/lib/rack/session/abstract/id.rb:260:in `call'[0m
     [36m# /home/ec2-user/.rvm/gems/ruby-3.1.2/gems/railties-6.1.7.7/lib/rails/rack/logger.rb:37:in `call_app'[0m
     [36m# /home/ec2-user/.rvm/gems/ruby-3.1.2/gems/railties-6.1.7.7/lib/rails/rack/logger.rb:26:in `block in call'[0m
     [36m# /home/ec2-user/.rvm/gems/ruby-3.1.2/gems/railties-6.1.7.7/lib/rails/rack/logger.rb:26:in `call'[0m
     [36m# /home/ec2-user/.rvm/gems/ruby-3.1.2/gems/rack-2.2.8.1/lib/rack/method_override.rb:24:in `call'[0m
     [36m# /home/ec2-user/.rvm/gems/ruby-3.1.2/gems/rack-2.2.8.1/lib/rack/runtime.rb:22:in `call'[0m
     [36m# /home/ec2-user/.rvm/gems/ruby-3.1.2/gems/rack-2.2.8.1/lib/rack/sendfile.rb:110:in `call'[0m
     [36m# /home/ec2-user/.rvm/gems/ruby-3.1.2/gems/railties-6.1.7.7/lib/rails/engine.rb:539:in `call'[0m
     [36m# /home/ec2-user/.rvm/gems/ruby-3.1.2/gems/rack-2.2.8.1/lib/rack/urlmap.rb:74:in `block in call'[0m
     [36m# /home/ec2-user/.rvm/gems/ruby-3.1.2/gems/rack-2.2.8.1/lib/rack/urlmap.rb:58:in `each'[0m
     [36m# /home/ec2-user/.rvm/gems/ruby-3.1.2/gems/rack-2.2.8.1/lib/rack/urlmap.rb:58:in `call'[0m
     [36m# /home/ec2-user/.rvm/gems/ruby-3.1.2/gems/rack-2.2.8.1/lib/rack/builder.rb:244:in `call'[0m
     [36m# /home/ec2-user/.rvm/gems/ruby-3.1.2/gems/rack-test-2.1.0/lib/rack/test.rb:360:in `process_request'[0m
     [36m# /home/ec2-user/.rvm/gems/ruby-3.1.2/gems/rack-test-2.1.0/lib/rack/test.rb:163:in `custom_request'[0m
     [36m# /home/ec2-user/.rvm/gems/ruby-3.1.2/gems/rack-test-2.1.0/lib/rack/test.rb:112:in `get'[0m
     [36m# /home/ec2-user/.rvm/gems/ruby-3.1.2/gems/capybara-3.40.0/lib/capybara/rack_test/browser.rb:81:in `process'[0m
     [36m# /home/ec2-user/.rvm/gems/ruby-3.1.2/gems/capybara-3.40.0/lib/capybara/rack_test/browser.rb:64:in `block in process_and_follow_redirects'[0m
     [36m# /home/ec2-user/.rvm/gems/ruby-3.1.2/gems/capybara-3.40.0/lib/capybara/rack_test/browser.rb:59:in `times'[0m
     [36m# /home/ec2-user/.rvm/gems/ruby-3.1.2/gems/capybara-3.40.0/lib/capybara/rack_test/browser.rb:59:in `process_and_follow_redirects'[0m
     [36m# /home/ec2-user/.rvm/gems/ruby-3.1.2/gems/capybara-3.40.0/lib/capybara/rack_test/browser.rb:40:in `submit'[0m
     [36m# /home/ec2-user/.rvm/gems/ruby-3.1.2/gems/capybara-3.40.0/lib/capybara/rack_test/form.rb:57:in `submit'[0m
     [36m# /home/ec2-user/.rvm/gems/ruby-3.1.2/gems/capybara-3.40.0/lib/capybara/rack_test/node.rb:69:in `click'[0m
     [36m# /home/ec2-user/.rvm/gems/ruby-3.1.2/gems/capybara-3.40.0/lib/capybara/rack_test/node.rb:131:in `call'[0m
     [36m# /home/ec2-user/.rvm/gems/ruby-3.1.2/gems/capybara-3.40.0/lib/capybara/rack_test/node.rb:131:in `click'[0m
     [36m# /home/ec2-user/.rvm/gems/ruby-3.1.2/gems/capybara-3.40.0/lib/capybara/node/element.rb:172:in `block in click'[0m
     [36m# /home/ec2-user/.rvm/gems/ruby-3.1.2/gems/capybara-3.40.0/lib/capybara/node/element.rb:608:in `block in perform_click_action'[0m
     [36m# /home/ec2-user/.rvm/gems/ruby-3.1.2/gems/capybara-3.40.0/lib/capybara/node/base.rb:84:in `synchronize'[0m
     [36m# /home/ec2-user/.rvm/gems/ruby-3.1.2/gems/capybara-3.40.0/lib/capybara/node/element.rb:608:in `perform_click_action'[0m
     [36m# /home/ec2-user/.rvm/gems/ruby-3.1.2/gems/capybara-3.40.0/lib/capybara/node/element.rb:171:in `click'[0m
     [36m# /home/ec2-user/.rvm/gems/ruby-3.1.2/gems/capybara-3.40.0/lib/capybara/node/actions.rb:58:in `click_button'[0m
     [36m# /home/ec2-user/.rvm/gems/ruby-3.1.2/gems/capybara-3.40.0/lib/capybara/session.rb:774:in `click_button'[0m
     [36m# /home/ec2-user/.rvm/gems/ruby-3.1.2/gems/capybara-3.40.0/lib/capybara/dsl.rb:52:in `call'[0m
     [36m# /home/ec2-user/.rvm/gems/ruby-3.1.2/gems/capybara-3.40.0/lib/capybara/dsl.rb:52:in `click_button'[0m
     [36m# ./spec/system/01_before_login_spec.rb:148:in `block (5 levels) in <main>'[0m
     [36m# ./spec/system/01_before_login_spec.rb:148:in `block (4 levels) in <main>'[0m

  2) [STEP1] ユーザログイン前のテスト ユーザ新規登録のテスト 新規登録成功のテスト 新規登録後のリダイレクト先が、新規登録できたユーザの詳細画面になっている
     [31mFailure/Error: @book = Book.find(params[:id])[0m
     [31m[0m
     [31mActiveRecord::RecordNotFound:[0m
     [31m  Couldn't find Book with 'id'=1[0m
     [36m# ./app/controllers/users_controller.rb:26:in `show'[0m
     [36m# /home/ec2-user/.rvm/gems/ruby-3.1.2/gems/actiontext-6.1.7.7/lib/action_text/rendering.rb:20:in `with_renderer'[0m
     [36m# /home/ec2-user/.rvm/gems/ruby-3.1.2/gems/actiontext-6.1.7.7/lib/action_text/engine.rb:59:in `block (4 levels) in <class:Engine>'[0m
     [36m# /home/ec2-user/.rvm/gems/ruby-3.1.2/gems/warden-1.2.9/lib/warden/manager.rb:36:in `block in call'[0m
     [36m# /home/ec2-user/.rvm/gems/ruby-3.1.2/gems/warden-1.2.9/lib/warden/manager.rb:34:in `catch'[0m
     [36m# /home/ec2-user/.rvm/gems/ruby-3.1.2/gems/warden-1.2.9/lib/warden/manager.rb:34:in `call'[0m
     [36m# /home/ec2-user/.rvm/gems/ruby-3.1.2/gems/rack-2.2.8.1/lib/rack/tempfile_reaper.rb:15:in `call'[0m
     [36m# /home/ec2-user/.rvm/gems/ruby-3.1.2/gems/rack-2.2.8.1/lib/rack/etag.rb:27:in `call'[0m
     [36m# /home/ec2-user/.rvm/gems/ruby-3.1.2/gems/rack-2.2.8.1/lib/rack/conditional_get.rb:27:in `call'[0m
     [36m# /home/ec2-user/.rvm/gems/ruby-3.1.2/gems/rack-2.2.8.1/lib/rack/head.rb:12:in `call'[0m
     [36m# /home/ec2-user/.rvm/gems/ruby-3.1.2/gems/rack-2.2.8.1/lib/rack/session/abstract/id.rb:266:in `context'[0m
     [36m# /home/ec2-user/.rvm/gems/ruby-3.1.2/gems/rack-2.2.8.1/lib/rack/session/abstract/id.rb:260:in `call'[0m
     [36m# /home/ec2-user/.rvm/gems/ruby-3.1.2/gems/railties-6.1.7.7/lib/rails/rack/logger.rb:37:in `call_app'[0m
     [36m# /home/ec2-user/.rvm/gems/ruby-3.1.2/gems/railties-6.1.7.7/lib/rails/rack/logger.rb:26:in `block in call'[0m
     [36m# /home/ec2-user/.rvm/gems/ruby-3.1.2/gems/railties-6.1.7.7/lib/rails/rack/logger.rb:26:in `call'[0m
     [36m# /home/ec2-user/.rvm/gems/ruby-3.1.2/gems/rack-2.2.8.1/lib/rack/method_override.rb:24:in `call'[0m
     [36m# /home/ec2-user/.rvm/gems/ruby-3.1.2/gems/rack-2.2.8.1/lib/rack/runtime.rb:22:in `call'[0m
     [36m# /home/ec2-user/.rvm/gems/ruby-3.1.2/gems/rack-2.2.8.1/lib/rack/sendfile.rb:110:in `call'[0m
     [36m# /home/ec2-user/.rvm/gems/ruby-3.1.2/gems/railties-6.1.7.7/lib/rails/engine.rb:539:in `call'[0m
     [36m# /home/ec2-user/.rvm/gems/ruby-3.1.2/gems/rack-2.2.8.1/lib/rack/urlmap.rb:74:in `block in call'[0m
     [36m# /home/ec2-user/.rvm/gems/ruby-3.1.2/gems/rack-2.2.8.1/lib/rack/urlmap.rb:58:in `each'[0m
     [36m# /home/ec2-user/.rvm/gems/ruby-3.1.2/gems/rack-2.2.8.1/lib/rack/urlmap.rb:58:in `call'[0m
     [36m# /home/ec2-user/.rvm/gems/ruby-3.1.2/gems/rack-2.2.8.1/lib/rack/builder.rb:244:in `call'[0m
     [36m# /home/ec2-user/.rvm/gems/ruby-3.1.2/gems/rack-test-2.1.0/lib/rack/test.rb:360:in `process_request'[0m
     [36m# /home/ec2-user/.rvm/gems/ruby-3.1.2/gems/rack-test-2.1.0/lib/rack/test.rb:163:in `custom_request'[0m
     [36m# /home/ec2-user/.rvm/gems/ruby-3.1.2/gems/rack-test-2.1.0/lib/rack/test.rb:112:in `get'[0m
     [36m# /home/ec2-user/.rvm/gems/ruby-3.1.2/gems/capybara-3.40.0/lib/capybara/rack_test/browser.rb:81:in `process'[0m
     [36m# /home/ec2-user/.rvm/gems/ruby-3.1.2/gems/capybara-3.40.0/lib/capybara/rack_test/browser.rb:64:in `block in process_and_follow_redirects'[0m
     [36m# /home/ec2-user/.rvm/gems/ruby-3.1.2/gems/capybara-3.40.0/lib/capybara/rack_test/browser.rb:59:in `times'[0m
     [36m# /home/ec2-user/.rvm/gems/ruby-3.1.2/gems/capybara-3.40.0/lib/capybara/rack_test/browser.rb:59:in `process_and_follow_redirects'[0m
     [36m# /home/ec2-user/.rvm/gems/ruby-3.1.2/gems/capybara-3.40.0/lib/capybara/rack_test/browser.rb:40:in `submit'[0m
     [36m# /home/ec2-user/.rvm/gems/ruby-3.1.2/gems/capybara-3.40.0/lib/capybara/rack_test/form.rb:57:in `submit'[0m
     [36m# /home/ec2-user/.rvm/gems/ruby-3.1.2/gems/capybara-3.40.0/lib/capybara/rack_test/node.rb:69:in `click'[0m
     [36m# /home/ec2-user/.rvm/gems/ruby-3.1.2/gems/capybara-3.40.0/lib/capybara/rack_test/node.rb:131:in `call'[0m
     [36m# /home/ec2-user/.rvm/gems/ruby-3.1.2/gems/capybara-3.40.0/lib/capybara/rack_test/node.rb:131:in `click'[0m
     [36m# /home/ec2-user/.rvm/gems/ruby-3.1.2/gems/capybara-3.40.0/lib/capybara/node/element.rb:172:in `block in click'[0m
     [36m# /home/ec2-user/.rvm/gems/ruby-3.1.2/gems/capybara-3.40.0/lib/capybara/node/element.rb:608:in `block in perform_click_action'[0m
     [36m# /home/ec2-user/.rvm/gems/ruby-3.1.2/gems/capybara-3.40.0/lib/capybara/node/base.rb:84:in `synchronize'[0m
     [36m# /home/ec2-user/.rvm/gems/ruby-3.1.2/gems/capybara-3.40.0/lib/capybara/node/element.rb:608:in `perform_click_action'[0m
     [36m# /home/ec2-user/.rvm/gems/ruby-3.1.2/gems/capybara-3.40.0/lib/capybara/node/element.rb:171:in `click'[0m
     [36m# /home/ec2-user/.rvm/gems/ruby-3.1.2/gems/capybara-3.40.0/lib/capybara/node/actions.rb:58:in `click_button'[0m
     [36m# /home/ec2-user/.rvm/gems/ruby-3.1.2/gems/capybara-3.40.0/lib/capybara/session.rb:774:in `click_button'[0m
     [36m# /home/ec2-user/.rvm/gems/ruby-3.1.2/gems/capybara-3.40.0/lib/capybara/dsl.rb:52:in `call'[0m
     [36m# /home/ec2-user/.rvm/gems/ruby-3.1.2/gems/capybara-3.40.0/lib/capybara/dsl.rb:52:in `click_button'[0m
     [36m# ./spec/system/01_before_login_spec.rb:151:in `block (4 levels) in <main>'[0m

  3) [STEP1] ユーザログイン前のテスト ユーザログイン ログイン成功のテスト ログイン後のリダイレクト先が、ログインしたユーザの詳細画面になっている
     [31mFailure/Error: @book = Book.find(params[:id])[0m
     [31m[0m
     [31mActiveRecord::RecordNotFound:[0m
     [31m  Couldn't find Book with 'id'=1[0m
     [36m# ./app/controllers/users_controller.rb:26:in `show'[0m
     [36m# /home/ec2-user/.rvm/gems/ruby-3.1.2/gems/actiontext-6.1.7.7/lib/action_text/rendering.rb:20:in `with_renderer'[0m
     [36m# /home/ec2-user/.rvm/gems/ruby-3.1.2/gems/actiontext-6.1.7.7/lib/action_text/engine.rb:59:in `block (4 levels) in <class:Engine>'[0m
     [36m# /home/ec2-user/.rvm/gems/ruby-3.1.2/gems/warden-1.2.9/lib/warden/manager.rb:36:in `block in call'[0m
     [36m# /home/ec2-user/.rvm/gems/ruby-3.1.2/gems/warden-1.2.9/lib/warden/manager.rb:34:in `catch'[0m
     [36m# /home/ec2-user/.rvm/gems/ruby-3.1.2/gems/warden-1.2.9/lib/warden/manager.rb:34:in `call'[0m
     [36m# /home/ec2-user/.rvm/gems/ruby-3.1.2/gems/rack-2.2.8.1/lib/rack/tempfile_reaper.rb:15:in `call'[0m
     [36m# /home/ec2-user/.rvm/gems/ruby-3.1.2/gems/rack-2.2.8.1/lib/rack/etag.rb:27:in `call'[0m
     [36m# /home/ec2-user/.rvm/gems/ruby-3.1.2/gems/rack-2.2.8.1/lib/rack/conditional_get.rb:27:in `call'[0m
     [36m# /home/ec2-user/.rvm/gems/ruby-3.1.2/gems/rack-2.2.8.1/lib/rack/head.rb:12:in `call'[0m
     [36m# /home/ec2-user/.rvm/gems/ruby-3.1.2/gems/rack-2.2.8.1/lib/rack/session/abstract/id.rb:266:in `context'[0m
     [36m# /home/ec2-user/.rvm/gems/ruby-3.1.2/gems/rack-2.2.8.1/lib/rack/session/abstract/id.rb:260:in `call'[0m
     [36m# /home/ec2-user/.rvm/gems/ruby-3.1.2/gems/railties-6.1.7.7/lib/rails/rack/logger.rb:37:in `call_app'[0m
     [36m# /home/ec2-user/.rvm/gems/ruby-3.1.2/gems/railties-6.1.7.7/lib/rails/rack/logger.rb:26:in `block in call'[0m
     [36m# /home/ec2-user/.rvm/gems/ruby-3.1.2/gems/railties-6.1.7.7/lib/rails/rack/logger.rb:26:in `call'[0m
     [36m# /home/ec2-user/.rvm/gems/ruby-3.1.2/gems/rack-2.2.8.1/lib/rack/method_override.rb:24:in `call'[0m
     [36m# /home/ec2-user/.rvm/gems/ruby-3.1.2/gems/rack-2.2.8.1/lib/rack/runtime.rb:22:in `call'[0m
     [36m# /home/ec2-user/.rvm/gems/ruby-3.1.2/gems/rack-2.2.8.1/lib/rack/sendfile.rb:110:in `call'[0m
     [36m# /home/ec2-user/.rvm/gems/ruby-3.1.2/gems/railties-6.1.7.7/lib/rails/engine.rb:539:in `call'[0m
     [36m# /home/ec2-user/.rvm/gems/ruby-3.1.2/gems/rack-2.2.8.1/lib/rack/urlmap.rb:74:in `block in call'[0m
     [36m# /home/ec2-user/.rvm/gems/ruby-3.1.2/gems/rack-2.2.8.1/lib/rack/urlmap.rb:58:in `each'[0m
     [36m# /home/ec2-user/.rvm/gems/ruby-3.1.2/gems/rack-2.2.8.1/lib/rack/urlmap.rb:58:in `call'[0m
     [36m# /home/ec2-user/.rvm/gems/ruby-3.1.2/gems/rack-2.2.8.1/lib/rack/builder.rb:244:in `call'[0m
     [36m# /home/ec2-user/.rvm/gems/ruby-3.1.2/gems/rack-test-2.1.0/lib/rack/test.rb:360:in `process_request'[0m
     [36m# /home/ec2-user/.rvm/gems/ruby-3.1.2/gems/rack-test-2.1.0/lib/rack/test.rb:163:in `custom_request'[0m
     [36m# /home/ec2-user/.rvm/gems/ruby-3.1.2/gems/rack-test-2.1.0/lib/rack/test.rb:112:in `get'[0m
     [36m# /home/ec2-user/.rvm/gems/ruby-3.1.2/gems/capybara-3.40.0/lib/capybara/rack_test/browser.rb:81:in `process'[0m
     [36m# /home/ec2-user/.rvm/gems/ruby-3.1.2/gems/capybara-3.40.0/lib/capybara/rack_test/browser.rb:64:in `block in process_and_follow_redirects'[0m
     [36m# /home/ec2-user/.rvm/gems/ruby-3.1.2/gems/capybara-3.40.0/lib/capybara/rack_test/browser.rb:59:in `times'[0m
     [36m# /home/ec2-user/.rvm/gems/ruby-3.1.2/gems/capybara-3.40.0/lib/capybara/rack_test/browser.rb:59:in `process_and_follow_redirects'[0m
     [36m# /home/ec2-user/.rvm/gems/ruby-3.1.2/gems/capybara-3.40.0/lib/capybara/rack_test/browser.rb:40:in `submit'[0m
     [36m# /home/ec2-user/.rvm/gems/ruby-3.1.2/gems/capybara-3.40.0/lib/capybara/rack_test/form.rb:57:in `submit'[0m
     [36m# /home/ec2-user/.rvm/gems/ruby-3.1.2/gems/capybara-3.40.0/lib/capybara/rack_test/node.rb:69:in `click'[0m
     [36m# /home/ec2-user/.rvm/gems/ruby-3.1.2/gems/capybara-3.40.0/lib/capybara/rack_test/node.rb:131:in `call'[0m
     [36m# /home/ec2-user/.rvm/gems/ruby-3.1.2/gems/capybara-3.40.0/lib/capybara/rack_test/node.rb:131:in `click'[0m
     [36m# /home/ec2-user/.rvm/gems/ruby-3.1.2/gems/capybara-3.40.0/lib/capybara/node/element.rb:172:in `block in click'[0m
     [36m# /home/ec2-user/.rvm/gems/ruby-3.1.2/gems/capybara-3.40.0/lib/capybara/node/element.rb:608:in `block in perform_click_action'[0m
     [36m# /home/ec2-user/.rvm/gems/ruby-3.1.2/gems/capybara-3.40.0/lib/capybara/node/base.rb:84:in `synchronize'[0m
     [36m# /home/ec2-user/.rvm/gems/ruby-3.1.2/gems/capybara-3.40.0/lib/capybara/node/element.rb:608:in `perform_click_action'[0m
     [36m# /home/ec2-user/.rvm/gems/ruby-3.1.2/gems/capybara-3.40.0/lib/capybara/node/element.rb:171:in `click'[0m
     [36m# /home/ec2-user/.rvm/gems/ruby-3.1.2/gems/capybara-3.40.0/lib/capybara/node/actions.rb:58:in `click_button'[0m
     [36m# /home/ec2-user/.rvm/gems/ruby-3.1.2/gems/capybara-3.40.0/lib/capybara/session.rb:774:in `click_button'[0m
     [36m# /home/ec2-user/.rvm/gems/ruby-3.1.2/gems/capybara-3.40.0/lib/capybara/dsl.rb:52:in `call'[0m
     [36m# /home/ec2-user/.rvm/gems/ruby-3.1.2/gems/capybara-3.40.0/lib/capybara/dsl.rb:52:in `click_button'[0m
     [36m# ./spec/system/01_before_login_spec.rb:189:in `block (4 levels) in <main>'[0m

  4) [STEP1] ユーザログイン前のテスト ヘッダーのテスト: ログインしている場合 ヘッダーの表示を確認 Bookersリンクが表示される: 左上から1番目のリンクが「Bookers」である
     [31mFailure/Error: @book = Book.find(params[:id])[0m
     [31m[0m
     [31mActiveRecord::RecordNotFound:[0m
     [31m  Couldn't find Book with 'id'=1[0m
     [36m# ./app/controllers/users_controller.rb:26:in `show'[0m
     [36m# /home/ec2-user/.rvm/gems/ruby-3.1.2/gems/actiontext-6.1.7.7/lib/action_text/rendering.rb:20:in `with_renderer'[0m
     [36m# /home/ec2-user/.rvm/gems/ruby-3.1.2/gems/actiontext-6.1.7.7/lib/action_text/engine.rb:59:in `block (4 levels) in <class:Engine>'[0m
     [36m# /home/ec2-user/.rvm/gems/ruby-3.1.2/gems/warden-1.2.9/lib/warden/manager.rb:36:in `block in call'[0m
     [36m# /home/ec2-user/.rvm/gems/ruby-3.1.2/gems/warden-1.2.9/lib/warden/manager.rb:34:in `catch'[0m
     [36m# /home/ec2-user/.rvm/gems/ruby-3.1.2/gems/warden-1.2.9/lib/warden/manager.rb:34:in `call'[0m
     [36m# /home/ec2-user/.rvm/gems/ruby-3.1.2/gems/rack-2.2.8.1/lib/rack/tempfile_reaper.rb:15:in `call'[0m
     [36m# /home/ec2-user/.rvm/gems/ruby-3.1.2/gems/rack-2.2.8.1/lib/rack/etag.rb:27:in `call'[0m
     [36m# /home/ec2-user/.rvm/gems/ruby-3.1.2/gems/rack-2.2.8.1/lib/rack/conditional_get.rb:27:in `call'[0m
     [36m# /home/ec2-user/.rvm/gems/ruby-3.1.2/gems/rack-2.2.8.1/lib/rack/head.rb:12:in `call'[0m
     [36m# /home/ec2-user/.rvm/gems/ruby-3.1.2/gems/rack-2.2.8.1/lib/rack/session/abstract/id.rb:266:in `context'[0m
     [36m# /home/ec2-user/.rvm/gems/ruby-3.1.2/gems/rack-2.2.8.1/lib/rack/session/abstract/id.rb:260:in `call'[0m
     [36m# /home/ec2-user/.rvm/gems/ruby-3.1.2/gems/railties-6.1.7.7/lib/rails/rack/logger.rb:37:in `call_app'[0m
     [36m# /home/ec2-user/.rvm/gems/ruby-3.1.2/gems/railties-6.1.7.7/lib/rails/rack/logger.rb:26:in `block in call'[0m
     [36m# /home/ec2-user/.rvm/gems/ruby-3.1.2/gems/railties-6.1.7.7/lib/rails/rack/logger.rb:26:in `call'[0m
     [36m# /home/ec2-user/.rvm/gems/ruby-3.1.2/gems/rack-2.2.8.1/lib/rack/method_override.rb:24:in `call'[0m
     [36m# /home/ec2-user/.rvm/gems/ruby-3.1.2/gems/rack-2.2.8.1/lib/rack/runtime.rb:22:in `call'[0m
     [36m# /home/ec2-user/.rvm/gems/ruby-3.1.2/gems/rack-2.2.8.1/lib/rack/sendfile.rb:110:in `call'[0m
     [36m# /home/ec2-user/.rvm/gems/ruby-3.1.2/gems/railties-6.1.7.7/lib/rails/engine.rb:539:in `call'[0m
     [36m# /home/ec2-user/.rvm/gems/ruby-3.1.2/gems/rack-2.2.8.1/lib/rack/urlmap.rb:74:in `block in call'[0m
     [36m# /home/ec2-user/.rvm/gems/ruby-3.1.2/gems/rack-2.2.8.1/lib/rack/urlmap.rb:58:in `each'[0m
     [36m# /home/ec2-user/.rvm/gems/ruby-3.1.2/gems/rack-2.2.8.1/lib/rack/urlmap.rb:58:in `call'[0m
     [36m# /home/ec2-user/.rvm/gems/ruby-3.1.2/gems/rack-2.2.8.1/lib/rack/builder.rb:244:in `call'[0m
     [36m# /home/ec2-user/.rvm/gems/ruby-3.1.2/gems/rack-test-2.1.0/lib/rack/test.rb:360:in `process_request'[0m
     [36m# /home/ec2-user/.rvm/gems/ruby-3.1.2/gems/rack-test-2.1.0/lib/rack/test.rb:163:in `custom_request'[0m
     [36m# /home/ec2-user/.rvm/gems/ruby-3.1.2/gems/rack-test-2.1.0/lib/rack/test.rb:112:in `get'[0m
     [36m# /home/ec2-user/.rvm/gems/ruby-3.1.2/gems/capybara-3.40.0/lib/capybara/rack_test/browser.rb:81:in `process'[0m
     [36m# /home/ec2-user/.rvm/gems/ruby-3.1.2/gems/capybara-3.40.0/lib/capybara/rack_test/browser.rb:64:in `block in process_and_follow_redirects'[0m
     [36m# /home/ec2-user/.rvm/gems/ruby-3.1.2/gems/capybara-3.40.0/lib/capybara/rack_test/browser.rb:59:in `times'[0m
     [36m# /home/ec2-user/.rvm/gems/ruby-3.1.2/gems/capybara-3.40.0/lib/capybara/rack_test/browser.rb:59:in `process_and_follow_redirects'[0m
     [36m# /home/ec2-user/.rvm/gems/ruby-3.1.2/gems/capybara-3.40.0/lib/capybara/rack_test/browser.rb:40:in `submit'[0m
     [36m# /home/ec2-user/.rvm/gems/ruby-3.1.2/gems/capybara-3.40.0/lib/capybara/rack_test/form.rb:57:in `submit'[0m
     [36m# /home/ec2-user/.rvm/gems/ruby-3.1.2/gems/capybara-3.40.0/lib/capybara/rack_test/node.rb:69:in `click'[0m
     [36m# /home/ec2-user/.rvm/gems/ruby-3.1.2/gems/capybara-3.40.0/lib/capybara/rack_test/node.rb:131:in `call'[0m
     [36m# /home/ec2-user/.rvm/gems/ruby-3.1.2/gems/capybara-3.40.0/lib/capybara/rack_test/node.rb:131:in `click'[0m
     [36m# /home/ec2-user/.rvm/gems/ruby-3.1.2/gems/capybara-3.40.0/lib/capybara/node/element.rb:172:in `block in click'[0m
     [36m# /home/ec2-user/.rvm/gems/ruby-3.1.2/gems/capybara-3.40.0/lib/capybara/node/element.rb:608:in `block in perform_click_action'[0m
     [36m# /home/ec2-user/.rvm/gems/ruby-3.1.2/gems/capybara-3.40.0/lib/capybara/node/base.rb:84:in `synchronize'[0m
     [36m# /home/ec2-user/.rvm/gems/ruby-3.1.2/gems/capybara-3.40.0/lib/capybara/node/element.rb:608:in `perform_click_action'[0m
     [36m# /home/ec2-user/.rvm/gems/ruby-3.1.2/gems/capybara-3.40.0/lib/capybara/node/element.rb:171:in `click'[0m
     [36m# /home/ec2-user/.rvm/gems/ruby-3.1.2/gems/capybara-3.40.0/lib/capybara/node/actions.rb:58:in `click_button'[0m
     [36m# /home/ec2-user/.rvm/gems/ruby-3.1.2/gems/capybara-3.40.0/lib/capybara/session.rb:774:in `click_button'[0m
     [36m# /home/ec2-user/.rvm/gems/ruby-3.1.2/gems/capybara-3.40.0/lib/capybara/dsl.rb:52:in `call'[0m
     [36m# /home/ec2-user/.rvm/gems/ruby-3.1.2/gems/capybara-3.40.0/lib/capybara/dsl.rb:52:in `click_button'[0m
     [36m# ./spec/system/01_before_login_spec.rb:217:in `block (3 levels) in <main>'[0m

  5) [STEP1] ユーザログイン前のテスト ヘッダーのテスト: ログインしている場合 ヘッダーの表示を確認 Homeリンクが表示される: 左上から2番目のリンクが「Home」である
     [31mFailure/Error: @book = Book.find(params[:id])[0m
     [31m[0m
     [31mActiveRecord::RecordNotFound:[0m
     [31m  Couldn't find Book with 'id'=1[0m
     [36m# ./app/controllers/users_controller.rb:26:in `show'[0m
     [36m# /home/ec2-user/.rvm/gems/ruby-3.1.2/gems/actiontext-6.1.7.7/lib/action_text/rendering.rb:20:in `with_renderer'[0m
     [36m# /home/ec2-user/.rvm/gems/ruby-3.1.2/gems/actiontext-6.1.7.7/lib/action_text/engine.rb:59:in `block (4 levels) in <class:Engine>'[0m
     [36m# /home/ec2-user/.rvm/gems/ruby-3.1.2/gems/warden-1.2.9/lib/warden/manager.rb:36:in `block in call'[0m
     [36m# /home/ec2-user/.rvm/gems/ruby-3.1.2/gems/warden-1.2.9/lib/warden/manager.rb:34:in `catch'[0m
     [36m# /home/ec2-user/.rvm/gems/ruby-3.1.2/gems/warden-1.2.9/lib/warden/manager.rb:34:in `call'[0m
     [36m# /home/ec2-user/.rvm/gems/ruby-3.1.2/gems/rack-2.2.8.1/lib/rack/tempfile_reaper.rb:15:in `call'[0m
     [36m# /home/ec2-user/.rvm/gems/ruby-3.1.2/gems/rack-2.2.8.1/lib/rack/etag.rb:27:in `call'[0m
     [36m# /home/ec2-user/.rvm/gems/ruby-3.1.2/gems/rack-2.2.8.1/lib/rack/conditional_get.rb:27:in `call'[0m
     [36m# /home/ec2-user/.rvm/gems/ruby-3.1.2/gems/rack-2.2.8.1/lib/rack/head.rb:12:in `call'[0m
     [36m# /home/ec2-user/.rvm/gems/ruby-3.1.2/gems/rack-2.2.8.1/lib/rack/session/abstract/id.rb:266:in `context'[0m
     [36m# /home/ec2-user/.rvm/gems/ruby-3.1.2/gems/rack-2.2.8.1/lib/rack/session/abstract/id.rb:260:in `call'[0m
     [36m# /home/ec2-user/.rvm/gems/ruby-3.1.2/gems/railties-6.1.7.7/lib/rails/rack/logger.rb:37:in `call_app'[0m
     [36m# /home/ec2-user/.rvm/gems/ruby-3.1.2/gems/railties-6.1.7.7/lib/rails/rack/logger.rb:26:in `block in call'[0m
     [36m# /home/ec2-user/.rvm/gems/ruby-3.1.2/gems/railties-6.1.7.7/lib/rails/rack/logger.rb:26:in `call'[0m
     [36m# /home/ec2-user/.rvm/gems/ruby-3.1.2/gems/rack-2.2.8.1/lib/rack/method_override.rb:24:in `call'[0m
     [36m# /home/ec2-user/.rvm/gems/ruby-3.1.2/gems/rack-2.2.8.1/lib/rack/runtime.rb:22:in `call'[0m
     [36m# /home/ec2-user/.rvm/gems/ruby-3.1.2/gems/rack-2.2.8.1/lib/rack/sendfile.rb:110:in `call'[0m
     [36m# /home/ec2-user/.rvm/gems/ruby-3.1.2/gems/railties-6.1.7.7/lib/rails/engine.rb:539:in `call'[0m
     [36m# /home/ec2-user/.rvm/gems/ruby-3.1.2/gems/rack-2.2.8.1/lib/rack/urlmap.rb:74:in `block in call'[0m
     [36m# /home/ec2-user/.rvm/gems/ruby-3.1.2/gems/rack-2.2.8.1/lib/rack/urlmap.rb:58:in `each'[0m
     [36m# /home/ec2-user/.rvm/gems/ruby-3.1.2/gems/rack-2.2.8.1/lib/rack/urlmap.rb:58:in `call'[0m
     [36m# /home/ec2-user/.rvm/gems/ruby-3.1.2/gems/rack-2.2.8.1/lib/rack/builder.rb:244:in `call'[0m
     [36m# /home/ec2-user/.rvm/gems/ruby-3.1.2/gems/rack-test-2.1.0/lib/rack/test.rb:360:in `process_request'[0m
     [36m# /home/ec2-user/.rvm/gems/ruby-3.1.2/gems/rack-test-2.1.0/lib/rack/test.rb:163:in `custom_request'[0m
     [36m# /home/ec2-user/.rvm/gems/ruby-3.1.2/gems/rack-test-2.1.0/lib/rack/test.rb:112:in `get'[0m
     [36m# /home/ec2-user/.rvm/gems/ruby-3.1.2/gems/capybara-3.40.0/lib/capybara/rack_test/browser.rb:81:in `process'[0m
     [36m# /home/ec2-user/.rvm/gems/ruby-3.1.2/gems/capybara-3.40.0/lib/capybara/rack_test/browser.rb:64:in `block in process_and_follow_redirects'[0m
     [36m# /home/ec2-user/.rvm/gems/ruby-3.1.2/gems/capybara-3.40.0/lib/capybara/rack_test/browser.rb:59:in `times'[0m
     [36m# /home/ec2-user/.rvm/gems/ruby-3.1.2/gems/capybara-3.40.0/lib/capybara/rack_test/browser.rb:59:in `process_and_follow_redirects'[0m
     [36m# /home/ec2-user/.rvm/gems/ruby-3.1.2/gems/capybara-3.40.0/lib/capybara/rack_test/browser.rb:40:in `submit'[0m
     [36m# /home/ec2-user/.rvm/gems/ruby-3.1.2/gems/capybara-3.40.0/lib/capybara/rack_test/form.rb:57:in `submit'[0m
     [36m# /home/ec2-user/.rvm/gems/ruby-3.1.2/gems/capybara-3.40.0/lib/capybara/rack_test/node.rb:69:in `click'[0m
     [36m# /home/ec2-user/.rvm/gems/ruby-3.1.2/gems/capybara-3.40.0/lib/capybara/rack_test/node.rb:131:in `call'[0m
     [36m# /home/ec2-user/.rvm/gems/ruby-3.1.2/gems/capybara-3.40.0/lib/capybara/rack_test/node.rb:131:in `click'[0m
     [36m# /home/ec2-user/.rvm/gems/ruby-3.1.2/gems/capybara-3.40.0/lib/capybara/node/element.rb:172:in `block in click'[0m
     [36m# /home/ec2-user/.rvm/gems/ruby-3.1.2/gems/capybara-3.40.0/lib/capybara/node/element.rb:608:in `block in perform_click_action'[0m
     [36m# /home/ec2-user/.rvm/gems/ruby-3.1.2/gems/capybara-3.40.0/lib/capybara/node/base.rb:84:in `synchronize'[0m
     [36m# /home/ec2-user/.rvm/gems/ruby-3.1.2/gems/capybara-3.40.0/lib/capybara/node/element.rb:608:in `perform_click_action'[0m
     [36m# /home/ec2-user/.rvm/gems/ruby-3.1.2/gems/capybara-3.40.0/lib/capybara/node/element.rb:171:in `click'[0m
     [36m# /home/ec2-user/.rvm/gems/ruby-3.1.2/gems/capybara-3.40.0/lib/capybara/node/actions.rb:58:in `click_button'[0m
     [36m# /home/ec2-user/.rvm/gems/ruby-3.1.2/gems/capybara-3.40.0/lib/capybara/session.rb:774:in `click_button'[0m
     [36m# /home/ec2-user/.rvm/gems/ruby-3.1.2/gems/capybara-3.40.0/lib/capybara/dsl.rb:52:in `call'[0m
     [36m# /home/ec2-user/.rvm/gems/ruby-3.1.2/gems/capybara-3.40.0/lib/capybara/dsl.rb:52:in `click_button'[0m
     [36m# ./spec/system/01_before_login_spec.rb:217:in `block (3 levels) in <main>'[0m

  6) [STEP1] ユーザログイン前のテスト ヘッダーのテスト: ログインしている場合 ヘッダーの表示を確認 Usersリンクが表示される: 左上から3番目のリンクが「Users」である
     [31mFailure/Error: @book = Book.find(params[:id])[0m
     [31m[0m
     [31mActiveRecord::RecordNotFound:[0m
     [31m  Couldn't find Book with 'id'=1[0m
     [36m# ./app/controllers/users_controller.rb:26:in `show'[0m
     [36m# /home/ec2-user/.rvm/gems/ruby-3.1.2/gems/actiontext-6.1.7.7/lib/action_text/rendering.rb:20:in `with_renderer'[0m
     [36m# /home/ec2-user/.rvm/gems/ruby-3.1.2/gems/actiontext-6.1.7.7/lib/action_text/engine.rb:59:in `block (4 levels) in <class:Engine>'[0m
     [36m# /home/ec2-user/.rvm/gems/ruby-3.1.2/gems/warden-1.2.9/lib/warden/manager.rb:36:in `block in call'[0m
     [36m# /home/ec2-user/.rvm/gems/ruby-3.1.2/gems/warden-1.2.9/lib/warden/manager.rb:34:in `catch'[0m
     [36m# /home/ec2-user/.rvm/gems/ruby-3.1.2/gems/warden-1.2.9/lib/warden/manager.rb:34:in `call'[0m
     [36m# /home/ec2-user/.rvm/gems/ruby-3.1.2/gems/rack-2.2.8.1/lib/rack/tempfile_reaper.rb:15:in `call'[0m
     [36m# /home/ec2-user/.rvm/gems/ruby-3.1.2/gems/rack-2.2.8.1/lib/rack/etag.rb:27:in `call'[0m
     [36m# /home/ec2-user/.rvm/gems/ruby-3.1.2/gems/rack-2.2.8.1/lib/rack/conditional_get.rb:27:in `call'[0m
     [36m# /home/ec2-user/.rvm/gems/ruby-3.1.2/gems/rack-2.2.8.1/lib/rack/head.rb:12:in `call'[0m
     [36m# /home/ec2-user/.rvm/gems/ruby-3.1.2/gems/rack-2.2.8.1/lib/rack/session/abstract/id.rb:266:in `context'[0m
     [36m# /home/ec2-user/.rvm/gems/ruby-3.1.2/gems/rack-2.2.8.1/lib/rack/session/abstract/id.rb:260:in `call'[0m
     [36m# /home/ec2-user/.rvm/gems/ruby-3.1.2/gems/railties-6.1.7.7/lib/rails/rack/logger.rb:37:in `call_app'[0m
     [36m# /home/ec2-user/.rvm/gems/ruby-3.1.2/gems/railties-6.1.7.7/lib/rails/rack/logger.rb:26:in `block in call'[0m
     [36m# /home/ec2-user/.rvm/gems/ruby-3.1.2/gems/railties-6.1.7.7/lib/rails/rack/logger.rb:26:in `call'[0m
     [36m# /home/ec2-user/.rvm/gems/ruby-3.1.2/gems/rack-2.2.8.1/lib/rack/method_override.rb:24:in `call'[0m
     [36m# /home/ec2-user/.rvm/gems/ruby-3.1.2/gems/rack-2.2.8.1/lib/rack/runtime.rb:22:in `call'[0m
     [36m# /home/ec2-user/.rvm/gems/ruby-3.1.2/gems/rack-2.2.8.1/lib/rack/sendfile.rb:110:in `call'[0m
     [36m# /home/ec2-user/.rvm/gems/ruby-3.1.2/gems/railties-6.1.7.7/lib/rails/engine.rb:539:in `call'[0m
     [36m# /home/ec2-user/.rvm/gems/ruby-3.1.2/gems/rack-2.2.8.1/lib/rack/urlmap.rb:74:in `block in call'[0m
     [36m# /home/ec2-user/.rvm/gems/ruby-3.1.2/gems/rack-2.2.8.1/lib/rack/urlmap.rb:58:in `each'[0m
     [36m# /home/ec2-user/.rvm/gems/ruby-3.1.2/gems/rack-2.2.8.1/lib/rack/urlmap.rb:58:in `call'[0m
     [36m# /home/ec2-user/.rvm/gems/ruby-3.1.2/gems/rack-2.2.8.1/lib/rack/builder.rb:244:in `call'[0m
     [36m# /home/ec2-user/.rvm/gems/ruby-3.1.2/gems/rack-test-2.1.0/lib/rack/test.rb:360:in `process_request'[0m
     [36m# /home/ec2-user/.rvm/gems/ruby-3.1.2/gems/rack-test-2.1.0/lib/rack/test.rb:163:in `custom_request'[0m
     [36m# /home/ec2-user/.rvm/gems/ruby-3.1.2/gems/rack-test-2.1.0/lib/rack/test.rb:112:in `get'[0m
     [36m# /home/ec2-user/.rvm/gems/ruby-3.1.2/gems/capybara-3.40.0/lib/capybara/rack_test/browser.rb:81:in `process'[0m
     [36m# /home/ec2-user/.rvm/gems/ruby-3.1.2/gems/capybara-3.40.0/lib/capybara/rack_test/browser.rb:64:in `block in process_and_follow_redirects'[0m
     [36m# /home/ec2-user/.rvm/gems/ruby-3.1.2/gems/capybara-3.40.0/lib/capybara/rack_test/browser.rb:59:in `times'[0m
     [36m# /home/ec2-user/.rvm/gems/ruby-3.1.2/gems/capybara-3.40.0/lib/capybara/rack_test/browser.rb:59:in `process_and_follow_redirects'[0m
     [36m# /home/ec2-user/.rvm/gems/ruby-3.1.2/gems/capybara-3.40.0/lib/capybara/rack_test/browser.rb:40:in `submit'[0m
     [36m# /home/ec2-user/.rvm/gems/ruby-3.1.2/gems/capybara-3.40.0/lib/capybara/rack_test/form.rb:57:in `submit'[0m
     [36m# /home/ec2-user/.rvm/gems/ruby-3.1.2/gems/capybara-3.40.0/lib/capybara/rack_test/node.rb:69:in `click'[0m
     [36m# /home/ec2-user/.rvm/gems/ruby-3.1.2/gems/capybara-3.40.0/lib/capybara/rack_test/node.rb:131:in `call'[0m
     [36m# /home/ec2-user/.rvm/gems/ruby-3.1.2/gems/capybara-3.40.0/lib/capybara/rack_test/node.rb:131:in `click'[0m
     [36m# /home/ec2-user/.rvm/gems/ruby-3.1.2/gems/capybara-3.40.0/lib/capybara/node/element.rb:172:in `block in click'[0m
     [36m# /home/ec2-user/.rvm/gems/ruby-3.1.2/gems/capybara-3.40.0/lib/capybara/node/element.rb:608:in `block in perform_click_action'[0m
     [36m# /home/ec2-user/.rvm/gems/ruby-3.1.2/gems/capybara-3.40.0/lib/capybara/node/base.rb:84:in `synchronize'[0m
     [36m# /home/ec2-user/.rvm/gems/ruby-3.1.2/gems/capybara-3.40.0/lib/capybara/node/element.rb:608:in `perform_click_action'[0m
     [36m# /home/ec2-user/.rvm/gems/ruby-3.1.2/gems/capybara-3.40.0/lib/capybara/node/element.rb:171:in `click'[0m
     [36m# /home/ec2-user/.rvm/gems/ruby-3.1.2/gems/capybara-3.40.0/lib/capybara/node/actions.rb:58:in `click_button'[0m
     [36m# /home/ec2-user/.rvm/gems/ruby-3.1.2/gems/capybara-3.40.0/lib/capybara/session.rb:774:in `click_button'[0m
     [36m# /home/ec2-user/.rvm/gems/ruby-3.1.2/gems/capybara-3.40.0/lib/capybara/dsl.rb:52:in `call'[0m
     [36m# /home/ec2-user/.rvm/gems/ruby-3.1.2/gems/capybara-3.40.0/lib/capybara/dsl.rb:52:in `click_button'[0m
     [36m# ./spec/system/01_before_login_spec.rb:217:in `block (3 levels) in <main>'[0m

  7) [STEP1] ユーザログイン前のテスト ヘッダーのテスト: ログインしている場合 ヘッダーの表示を確認 Booksリンクが表示される: 左上から4番目のリンクが「Books」である
     [31mFailure/Error: @book = Book.find(params[:id])[0m
     [31m[0m
     [31mActiveRecord::RecordNotFound:[0m
     [31m  Couldn't find Book with 'id'=1[0m
     [36m# ./app/controllers/users_controller.rb:26:in `show'[0m
     [36m# /home/ec2-user/.rvm/gems/ruby-3.1.2/gems/actiontext-6.1.7.7/lib/action_text/rendering.rb:20:in `with_renderer'[0m
     [36m# /home/ec2-user/.rvm/gems/ruby-3.1.2/gems/actiontext-6.1.7.7/lib/action_text/engine.rb:59:in `block (4 levels) in <class:Engine>'[0m
     [36m# /home/ec2-user/.rvm/gems/ruby-3.1.2/gems/warden-1.2.9/lib/warden/manager.rb:36:in `block in call'[0m
     [36m# /home/ec2-user/.rvm/gems/ruby-3.1.2/gems/warden-1.2.9/lib/warden/manager.rb:34:in `catch'[0m
     [36m# /home/ec2-user/.rvm/gems/ruby-3.1.2/gems/warden-1.2.9/lib/warden/manager.rb:34:in `call'[0m
     [36m# /home/ec2-user/.rvm/gems/ruby-3.1.2/gems/rack-2.2.8.1/lib/rack/tempfile_reaper.rb:15:in `call'[0m
     [36m# /home/ec2-user/.rvm/gems/ruby-3.1.2/gems/rack-2.2.8.1/lib/rack/etag.rb:27:in `call'[0m
     [36m# /home/ec2-user/.rvm/gems/ruby-3.1.2/gems/rack-2.2.8.1/lib/rack/conditional_get.rb:27:in `call'[0m
     [36m# /home/ec2-user/.rvm/gems/ruby-3.1.2/gems/rack-2.2.8.1/lib/rack/head.rb:12:in `call'[0m
     [36m# /home/ec2-user/.rvm/gems/ruby-3.1.2/gems/rack-2.2.8.1/lib/rack/session/abstract/id.rb:266:in `context'[0m
     [36m# /home/ec2-user/.rvm/gems/ruby-3.1.2/gems/rack-2.2.8.1/lib/rack/session/abstract/id.rb:260:in `call'[0m
     [36m# /home/ec2-user/.rvm/gems/ruby-3.1.2/gems/railties-6.1.7.7/lib/rails/rack/logger.rb:37:in `call_app'[0m
     [36m# /home/ec2-user/.rvm/gems/ruby-3.1.2/gems/railties-6.1.7.7/lib/rails/rack/logger.rb:26:in `block in call'[0m
     [36m# /home/ec2-user/.rvm/gems/ruby-3.1.2/gems/railties-6.1.7.7/lib/rails/rack/logger.rb:26:in `call'[0m
     [36m# /home/ec2-user/.rvm/gems/ruby-3.1.2/gems/rack-2.2.8.1/lib/rack/method_override.rb:24:in `call'[0m
     [36m# /home/ec2-user/.rvm/gems/ruby-3.1.2/gems/rack-2.2.8.1/lib/rack/runtime.rb:22:in `call'[0m
     [36m# /home/ec2-user/.rvm/gems/ruby-3.1.2/gems/rack-2.2.8.1/lib/rack/sendfile.rb:110:in `call'[0m
     [36m# /home/ec2-user/.rvm/gems/ruby-3.1.2/gems/railties-6.1.7.7/lib/rails/engine.rb:539:in `call'[0m
     [36m# /home/ec2-user/.rvm/gems/ruby-3.1.2/gems/rack-2.2.8.1/lib/rack/urlmap.rb:74:in `block in call'[0m
     [36m# /home/ec2-user/.rvm/gems/ruby-3.1.2/gems/rack-2.2.8.1/lib/rack/urlmap.rb:58:in `each'[0m
     [36m# /home/ec2-user/.rvm/gems/ruby-3.1.2/gems/rack-2.2.8.1/lib/rack/urlmap.rb:58:in `call'[0m
     [36m# /home/ec2-user/.rvm/gems/ruby-3.1.2/gems/rack-2.2.8.1/lib/rack/builder.rb:244:in `call'[0m
     [36m# /home/ec2-user/.rvm/gems/ruby-3.1.2/gems/rack-test-2.1.0/lib/rack/test.rb:360:in `process_request'[0m
     [36m# /home/ec2-user/.rvm/gems/ruby-3.1.2/gems/rack-test-2.1.0/lib/rack/test.rb:163:in `custom_request'[0m
     [36m# /home/ec2-user/.rvm/gems/ruby-3.1.2/gems/rack-test-2.1.0/lib/rack/test.rb:112:in `get'[0m
     [36m# /home/ec2-user/.rvm/gems/ruby-3.1.2/gems/capybara-3.40.0/lib/capybara/rack_test/browser.rb:81:in `process'[0m
     [36m# /home/ec2-user/.rvm/gems/ruby-3.1.2/gems/capybara-3.40.0/lib/capybara/rack_test/browser.rb:64:in `block in process_and_follow_redirects'[0m
     [36m# /home/ec2-user/.rvm/gems/ruby-3.1.2/gems/capybara-3.40.0/lib/capybara/rack_test/browser.rb:59:in `times'[0m
     [36m# /home/ec2-user/.rvm/gems/ruby-3.1.2/gems/capybara-3.40.0/lib/capybara/rack_test/browser.rb:59:in `process_and_follow_redirects'[0m
     [36m# /home/ec2-user/.rvm/gems/ruby-3.1.2/gems/capybara-3.40.0/lib/capybara/rack_test/browser.rb:40:in `submit'[0m
     [36m# /home/ec2-user/.rvm/gems/ruby-3.1.2/gems/capybara-3.40.0/lib/capybara/rack_test/form.rb:57:in `submit'[0m
     [36m# /home/ec2-user/.rvm/gems/ruby-3.1.2/gems/capybara-3.40.0/lib/capybara/rack_test/node.rb:69:in `click'[0m
     [36m# /home/ec2-user/.rvm/gems/ruby-3.1.2/gems/capybara-3.40.0/lib/capybara/rack_test/node.rb:131:in `call'[0m
     [36m# /home/ec2-user/.rvm/gems/ruby-3.1.2/gems/capybara-3.40.0/lib/capybara/rack_test/node.rb:131:in `click'[0m
     [36m# /home/ec2-user/.rvm/gems/ruby-3.1.2/gems/capybara-3.40.0/lib/capybara/node/element.rb:172:in `block in click'[0m
     [36m# /home/ec2-user/.rvm/gems/ruby-3.1.2/gems/capybara-3.40.0/lib/capybara/node/element.rb:608:in `block in perform_click_action'[0m
     [36m# /home/ec2-user/.rvm/gems/ruby-3.1.2/gems/capybara-3.40.0/lib/capybara/node/base.rb:84:in `synchronize'[0m
     [36m# /home/ec2-user/.rvm/gems/ruby-3.1.2/gems/capybara-3.40.0/lib/capybara/node/element.rb:608:in `perform_click_action'[0m
     [36m# /home/ec2-user/.rvm/gems/ruby-3.1.2/gems/capybara-3.40.0/lib/capybara/node/element.rb:171:in `click'[0m
     [36m# /home/ec2-user/.rvm/gems/ruby-3.1.2/gems/capybara-3.40.0/lib/capybara/node/actions.rb:58:in `click_button'[0m
     [36m# /home/ec2-user/.rvm/gems/ruby-3.1.2/gems/capybara-3.40.0/lib/capybara/session.rb:774:in `click_button'[0m
     [36m# /home/ec2-user/.rvm/gems/ruby-3.1.2/gems/capybara-3.40.0/lib/capybara/dsl.rb:52:in `call'[0m
     [36m# /home/ec2-user/.rvm/gems/ruby-3.1.2/gems/capybara-3.40.0/lib/capybara/dsl.rb:52:in `click_button'[0m
     [36m# ./spec/system/01_before_login_spec.rb:217:in `block (3 levels) in <main>'[0m

  8) [STEP1] ユーザログイン前のテスト ヘッダーのテスト: ログインしている場合 ヘッダーの表示を確認 Log outリンクが表示される: 左上から5番目のリンクが「Log out」である
     [31mFailure/Error: @book = Book.find(params[:id])[0m
     [31m[0m
     [31mActiveRecord::RecordNotFound:[0m
     [31m  Couldn't find Book with 'id'=1[0m
     [36m# ./app/controllers/users_controller.rb:26:in `show'[0m
     [36m# /home/ec2-user/.rvm/gems/ruby-3.1.2/gems/actiontext-6.1.7.7/lib/action_text/rendering.rb:20:in `with_renderer'[0m
     [36m# /home/ec2-user/.rvm/gems/ruby-3.1.2/gems/actiontext-6.1.7.7/lib/action_text/engine.rb:59:in `block (4 levels) in <class:Engine>'[0m
     [36m# /home/ec2-user/.rvm/gems/ruby-3.1.2/gems/warden-1.2.9/lib/warden/manager.rb:36:in `block in call'[0m
     [36m# /home/ec2-user/.rvm/gems/ruby-3.1.2/gems/warden-1.2.9/lib/warden/manager.rb:34:in `catch'[0m
     [36m# /home/ec2-user/.rvm/gems/ruby-3.1.2/gems/warden-1.2.9/lib/warden/manager.rb:34:in `call'[0m
     [36m# /home/ec2-user/.rvm/gems/ruby-3.1.2/gems/rack-2.2.8.1/lib/rack/tempfile_reaper.rb:15:in `call'[0m
     [36m# /home/ec2-user/.rvm/gems/ruby-3.1.2/gems/rack-2.2.8.1/lib/rack/etag.rb:27:in `call'[0m
     [36m# /home/ec2-user/.rvm/gems/ruby-3.1.2/gems/rack-2.2.8.1/lib/rack/conditional_get.rb:27:in `call'[0m
     [36m# /home/ec2-user/.rvm/gems/ruby-3.1.2/gems/rack-2.2.8.1/lib/rack/head.rb:12:in `call'[0m
     [36m# /home/ec2-user/.rvm/gems/ruby-3.1.2/gems/rack-2.2.8.1/lib/rack/session/abstract/id.rb:266:in `context'[0m
     [36m# /home/ec2-user/.rvm/gems/ruby-3.1.2/gems/rack-2.2.8.1/lib/rack/session/abstract/id.rb:260:in `call'[0m
     [36m# /home/ec2-user/.rvm/gems/ruby-3.1.2/gems/railties-6.1.7.7/lib/rails/rack/logger.rb:37:in `call_app'[0m
     [36m# /home/ec2-user/.rvm/gems/ruby-3.1.2/gems/railties-6.1.7.7/lib/rails/rack/logger.rb:26:in `block in call'[0m
     [36m# /home/ec2-user/.rvm/gems/ruby-3.1.2/gems/railties-6.1.7.7/lib/rails/rack/logger.rb:26:in `call'[0m
     [36m# /home/ec2-user/.rvm/gems/ruby-3.1.2/gems/rack-2.2.8.1/lib/rack/method_override.rb:24:in `call'[0m
     [36m# /home/ec2-user/.rvm/gems/ruby-3.1.2/gems/rack-2.2.8.1/lib/rack/runtime.rb:22:in `call'[0m
     [36m# /home/ec2-user/.rvm/gems/ruby-3.1.2/gems/rack-2.2.8.1/lib/rack/sendfile.rb:110:in `call'[0m
     [36m# /home/ec2-user/.rvm/gems/ruby-3.1.2/gems/railties-6.1.7.7/lib/rails/engine.rb:539:in `call'[0m
     [36m# /home/ec2-user/.rvm/gems/ruby-3.1.2/gems/rack-2.2.8.1/lib/rack/urlmap.rb:74:in `block in call'[0m
     [36m# /home/ec2-user/.rvm/gems/ruby-3.1.2/gems/rack-2.2.8.1/lib/rack/urlmap.rb:58:in `each'[0m
     [36m# /home/ec2-user/.rvm/gems/ruby-3.1.2/gems/rack-2.2.8.1/lib/rack/urlmap.rb:58:in `call'[0m
     [36m# /home/ec2-user/.rvm/gems/ruby-3.1.2/gems/rack-2.2.8.1/lib/rack/builder.rb:244:in `call'[0m
     [36m# /home/ec2-user/.rvm/gems/ruby-3.1.2/gems/rack-test-2.1.0/lib/rack/test.rb:360:in `process_request'[0m
     [36m# /home/ec2-user/.rvm/gems/ruby-3.1.2/gems/rack-test-2.1.0/lib/rack/test.rb:163:in `custom_request'[0m
     [36m# /home/ec2-user/.rvm/gems/ruby-3.1.2/gems/rack-test-2.1.0/lib/rack/test.rb:112:in `get'[0m
     [36m# /home/ec2-user/.rvm/gems/ruby-3.1.2/gems/capybara-3.40.0/lib/capybara/rack_test/browser.rb:81:in `process'[0m
     [36m# /home/ec2-user/.rvm/gems/ruby-3.1.2/gems/capybara-3.40.0/lib/capybara/rack_test/browser.rb:64:in `block in process_and_follow_redirects'[0m
     [36m# /home/ec2-user/.rvm/gems/ruby-3.1.2/gems/capybara-3.40.0/lib/capybara/rack_test/browser.rb:59:in `times'[0m
     [36m# /home/ec2-user/.rvm/gems/ruby-3.1.2/gems/capybara-3.40.0/lib/capybara/rack_test/browser.rb:59:in `process_and_follow_redirects'[0m
     [36m# /home/ec2-user/.rvm/gems/ruby-3.1.2/gems/capybara-3.40.0/lib/capybara/rack_test/browser.rb:40:in `submit'[0m
     [36m# /home/ec2-user/.rvm/gems/ruby-3.1.2/gems/capybara-3.40.0/lib/capybara/rack_test/form.rb:57:in `submit'[0m
     [36m# /home/ec2-user/.rvm/gems/ruby-3.1.2/gems/capybara-3.40.0/lib/capybara/rack_test/node.rb:69:in `click'[0m
     [36m# /home/ec2-user/.rvm/gems/ruby-3.1.2/gems/capybara-3.40.0/lib/capybara/rack_test/node.rb:131:in `call'[0m
     [36m# /home/ec2-user/.rvm/gems/ruby-3.1.2/gems/capybara-3.40.0/lib/capybara/rack_test/node.rb:131:in `click'[0m
     [36m# /home/ec2-user/.rvm/gems/ruby-3.1.2/gems/capybara-3.40.0/lib/capybara/node/element.rb:172:in `block in click'[0m
     [36m# /home/ec2-user/.rvm/gems/ruby-3.1.2/gems/capybara-3.40.0/lib/capybara/node/element.rb:608:in `block in perform_click_action'[0m
     [36m# /home/ec2-user/.rvm/gems/ruby-3.1.2/gems/capybara-3.40.0/lib/capybara/node/base.rb:84:in `synchronize'[0m
     [36m# /home/ec2-user/.rvm/gems/ruby-3.1.2/gems/capybara-3.40.0/lib/capybara/node/element.rb:608:in `perform_click_action'[0m
     [36m# /home/ec2-user/.rvm/gems/ruby-3.1.2/gems/capybara-3.40.0/lib/capybara/node/element.rb:171:in `click'[0m
     [36m# /home/ec2-user/.rvm/gems/ruby-3.1.2/gems/capybara-3.40.0/lib/capybara/node/actions.rb:58:in `click_button'[0m
     [36m# /home/ec2-user/.rvm/gems/ruby-3.1.2/gems/capybara-3.40.0/lib/capybara/session.rb:774:in `click_button'[0m
     [36m# /home/ec2-user/.rvm/gems/ruby-3.1.2/gems/capybara-3.40.0/lib/capybara/dsl.rb:52:in `call'[0m
     [36m# /home/ec2-user/.rvm/gems/ruby-3.1.2/gems/capybara-3.40.0/lib/capybara/dsl.rb:52:in `click_button'[0m
     [36m# ./spec/system/01_before_login_spec.rb:217:in `block (3 levels) in <main>'[0m

  9) [STEP1] ユーザログイン前のテスト ユーザログアウトのテスト ログアウト機能のテスト 正しくログアウトできている: ログアウト後のリダイレクト先においてAbout画面へのリンクが存在する
     [31mFailure/Error: @book = Book.find(params[:id])[0m
     [31m[0m
     [31mActiveRecord::RecordNotFound:[0m
     [31m  Couldn't find Book with 'id'=1[0m
     [36m# ./app/controllers/users_controller.rb:26:in `show'[0m
     [36m# /home/ec2-user/.rvm/gems/ruby-3.1.2/gems/actiontext-6.1.7.7/lib/action_text/rendering.rb:20:in `with_renderer'[0m
     [36m# /home/ec2-user/.rvm/gems/ruby-3.1.2/gems/actiontext-6.1.7.7/lib/action_text/engine.rb:59:in `block (4 levels) in <class:Engine>'[0m
     [36m# /home/ec2-user/.rvm/gems/ruby-3.1.2/gems/warden-1.2.9/lib/warden/manager.rb:36:in `block in call'[0m
     [36m# /home/ec2-user/.rvm/gems/ruby-3.1.2/gems/warden-1.2.9/lib/warden/manager.rb:34:in `catch'[0m
     [36m# /home/ec2-user/.rvm/gems/ruby-3.1.2/gems/warden-1.2.9/lib/warden/manager.rb:34:in `call'[0m
     [36m# /home/ec2-user/.rvm/gems/ruby-3.1.2/gems/rack-2.2.8.1/lib/rack/tempfile_reaper.rb:15:in `call'[0m
     [36m# /home/ec2-user/.rvm/gems/ruby-3.1.2/gems/rack-2.2.8.1/lib/rack/etag.rb:27:in `call'[0m
     [36m# /home/ec2-user/.rvm/gems/ruby-3.1.2/gems/rack-2.2.8.1/lib/rack/conditional_get.rb:27:in `call'[0m
     [36m# /home/ec2-user/.rvm/gems/ruby-3.1.2/gems/rack-2.2.8.1/lib/rack/head.rb:12:in `call'[0m
     [36m# /home/ec2-user/.rvm/gems/ruby-3.1.2/gems/rack-2.2.8.1/lib/rack/session/abstract/id.rb:266:in `context'[0m
     [36m# /home/ec2-user/.rvm/gems/ruby-3.1.2/gems/rack-2.2.8.1/lib/rack/session/abstract/id.rb:260:in `call'[0m
     [36m# /home/ec2-user/.rvm/gems/ruby-3.1.2/gems/railties-6.1.7.7/lib/rails/rack/logger.rb:37:in `call_app'[0m
     [36m# /home/ec2-user/.rvm/gems/ruby-3.1.2/gems/railties-6.1.7.7/lib/rails/rack/logger.rb:26:in `block in call'[0m
     [36m# /home/ec2-user/.rvm/gems/ruby-3.1.2/gems/railties-6.1.7.7/lib/rails/rack/logger.rb:26:in `call'[0m
     [36m# /home/ec2-user/.rvm/gems/ruby-3.1.2/gems/rack-2.2.8.1/lib/rack/method_override.rb:24:in `call'[0m
     [36m# /home/ec2-user/.rvm/gems/ruby-3.1.2/gems/rack-2.2.8.1/lib/rack/runtime.rb:22:in `call'[0m
     [36m# /home/ec2-user/.rvm/gems/ruby-3.1.2/gems/rack-2.2.8.1/lib/rack/sendfile.rb:110:in `call'[0m
     [36m# /home/ec2-user/.rvm/gems/ruby-3.1.2/gems/railties-6.1.7.7/lib/rails/engine.rb:539:in `call'[0m
     [36m# /home/ec2-user/.rvm/gems/ruby-3.1.2/gems/rack-2.2.8.1/lib/rack/urlmap.rb:74:in `block in call'[0m
     [36m# /home/ec2-user/.rvm/gems/ruby-3.1.2/gems/rack-2.2.8.1/lib/rack/urlmap.rb:58:in `each'[0m
     [36m# /home/ec2-user/.rvm/gems/ruby-3.1.2/gems/rack-2.2.8.1/lib/rack/urlmap.rb:58:in `call'[0m
     [36m# /home/ec2-user/.rvm/gems/ruby-3.1.2/gems/rack-2.2.8.1/lib/rack/builder.rb:244:in `call'[0m
     [36m# /home/ec2-user/.rvm/gems/ruby-3.1.2/gems/rack-test-2.1.0/lib/rack/test.rb:360:in `process_request'[0m
     [36m# /home/ec2-user/.rvm/gems/ruby-3.1.2/gems/rack-test-2.1.0/lib/rack/test.rb:163:in `custom_request'[0m
     [36m# /home/ec2-user/.rvm/gems/ruby-3.1.2/gems/rack-test-2.1.0/lib/rack/test.rb:112:in `get'[0m
     [36m# /home/ec2-user/.rvm/gems/ruby-3.1.2/gems/capybara-3.40.0/lib/capybara/rack_test/browser.rb:81:in `process'[0m
     [36m# /home/ec2-user/.rvm/gems/ruby-3.1.2/gems/capybara-3.40.0/lib/capybara/rack_test/browser.rb:64:in `block in process_and_follow_redirects'[0m
     [36m# /home/ec2-user/.rvm/gems/ruby-3.1.2/gems/capybara-3.40.0/lib/capybara/rack_test/browser.rb:59:in `times'[0m
     [36m# /home/ec2-user/.rvm/gems/ruby-3.1.2/gems/capybara-3.40.0/lib/capybara/rack_test/browser.rb:59:in `process_and_follow_redirects'[0m
     [36m# /home/ec2-user/.rvm/gems/ruby-3.1.2/gems/capybara-3.40.0/lib/capybara/rack_test/browser.rb:40:in `submit'[0m
     [36m# /home/ec2-user/.rvm/gems/ruby-3.1.2/gems/capybara-3.40.0/lib/capybara/rack_test/form.rb:57:in `submit'[0m
     [36m# /home/ec2-user/.rvm/gems/ruby-3.1.2/gems/capybara-3.40.0/lib/capybara/rack_test/node.rb:69:in `click'[0m
     [36m# /home/ec2-user/.rvm/gems/ruby-3.1.2/gems/capybara-3.40.0/lib/capybara/rack_test/node.rb:131:in `call'[0m
     [36m# /home/ec2-user/.rvm/gems/ruby-3.1.2/gems/capybara-3.40.0/lib/capybara/rack_test/node.rb:131:in `click'[0m
     [36m# /home/ec2-user/.rvm/gems/ruby-3.1.2/gems/capybara-3.40.0/lib/capybara/node/element.rb:172:in `block in click'[0m
     [36m# /home/ec2-user/.rvm/gems/ruby-3.1.2/gems/capybara-3.40.0/lib/capybara/node/element.rb:608:in `block in perform_click_action'[0m
     [36m# /home/ec2-user/.rvm/gems/ruby-3.1.2/gems/capybara-3.40.0/lib/capybara/node/base.rb:84:in `synchronize'[0m
     [36m# /home/ec2-user/.rvm/gems/ruby-3.1.2/gems/capybara-3.40.0/lib/capybara/node/element.rb:608:in `perform_click_action'[0m
     [36m# /home/ec2-user/.rvm/gems/ruby-3.1.2/gems/capybara-3.40.0/lib/capybara/node/element.rb:171:in `click'[0m
     [36m# /home/ec2-user/.rvm/gems/ruby-3.1.2/gems/capybara-3.40.0/lib/capybara/node/actions.rb:58:in `click_button'[0m
     [36m# /home/ec2-user/.rvm/gems/ruby-3.1.2/gems/capybara-3.40.0/lib/capybara/session.rb:774:in `click_button'[0m
     [36m# /home/ec2-user/.rvm/gems/ruby-3.1.2/gems/capybara-3.40.0/lib/capybara/dsl.rb:52:in `call'[0m
     [36m# /home/ec2-user/.rvm/gems/ruby-3.1.2/gems/capybara-3.40.0/lib/capybara/dsl.rb:52:in `click_button'[0m
     [36m# ./spec/system/01_before_login_spec.rb:251:in `block (3 levels) in <main>'[0m

  10) [STEP1] ユーザログイン前のテスト ユーザログアウトのテスト ログアウト機能のテスト ログアウト後のリダイレクト先が、トップになっている
      [31mFailure/Error: @book = Book.find(params[:id])[0m
      [31m[0m
      [31mActiveRecord::RecordNotFound:[0m
      [31m  Couldn't find Book with 'id'=1[0m
      [36m# ./app/controllers/users_controller.rb:26:in `show'[0m
      [36m# /home/ec2-user/.rvm/gems/ruby-3.1.2/gems/actiontext-6.1.7.7/lib/action_text/rendering.rb:20:in `with_renderer'[0m
      [36m# /home/ec2-user/.rvm/gems/ruby-3.1.2/gems/actiontext-6.1.7.7/lib/action_text/engine.rb:59:in `block (4 levels) in <class:Engine>'[0m
      [36m# /home/ec2-user/.rvm/gems/ruby-3.1.2/gems/warden-1.2.9/lib/warden/manager.rb:36:in `block in call'[0m
      [36m# /home/ec2-user/.rvm/gems/ruby-3.1.2/gems/warden-1.2.9/lib/warden/manager.rb:34:in `catch'[0m
      [36m# /home/ec2-user/.rvm/gems/ruby-3.1.2/gems/warden-1.2.9/lib/warden/manager.rb:34:in `call'[0m
      [36m# /home/ec2-user/.rvm/gems/ruby-3.1.2/gems/rack-2.2.8.1/lib/rack/tempfile_reaper.rb:15:in `call'[0m
      [36m# /home/ec2-user/.rvm/gems/ruby-3.1.2/gems/rack-2.2.8.1/lib/rack/etag.rb:27:in `call'[0m
      [36m# /home/ec2-user/.rvm/gems/ruby-3.1.2/gems/rack-2.2.8.1/lib/rack/conditional_get.rb:27:in `call'[0m
      [36m# /home/ec2-user/.rvm/gems/ruby-3.1.2/gems/rack-2.2.8.1/lib/rack/head.rb:12:in `call'[0m
      [36m# /home/ec2-user/.rvm/gems/ruby-3.1.2/gems/rack-2.2.8.1/lib/rack/session/abstract/id.rb:266:in `context'[0m
      [36m# /home/ec2-user/.rvm/gems/ruby-3.1.2/gems/rack-2.2.8.1/lib/rack/session/abstract/id.rb:260:in `call'[0m
      [36m# /home/ec2-user/.rvm/gems/ruby-3.1.2/gems/railties-6.1.7.7/lib/rails/rack/logger.rb:37:in `call_app'[0m
      [36m# /home/ec2-user/.rvm/gems/ruby-3.1.2/gems/railties-6.1.7.7/lib/rails/rack/logger.rb:26:in `block in call'[0m
      [36m# /home/ec2-user/.rvm/gems/ruby-3.1.2/gems/railties-6.1.7.7/lib/rails/rack/logger.rb:26:in `call'[0m
      [36m# /home/ec2-user/.rvm/gems/ruby-3.1.2/gems/rack-2.2.8.1/lib/rack/method_override.rb:24:in `call'[0m
      [36m# /home/ec2-user/.rvm/gems/ruby-3.1.2/gems/rack-2.2.8.1/lib/rack/runtime.rb:22:in `call'[0m
      [36m# /home/ec2-user/.rvm/gems/ruby-3.1.2/gems/rack-2.2.8.1/lib/rack/sendfile.rb:110:in `call'[0m
      [36m# /home/ec2-user/.rvm/gems/ruby-3.1.2/gems/railties-6.1.7.7/lib/rails/engine.rb:539:in `call'[0m
      [36m# /home/ec2-user/.rvm/gems/ruby-3.1.2/gems/rack-2.2.8.1/lib/rack/urlmap.rb:74:in `block in call'[0m
      [36m# /home/ec2-user/.rvm/gems/ruby-3.1.2/gems/rack-2.2.8.1/lib/rack/urlmap.rb:58:in `each'[0m
      [36m# /home/ec2-user/.rvm/gems/ruby-3.1.2/gems/rack-2.2.8.1/lib/rack/urlmap.rb:58:in `call'[0m
      [36m# /home/ec2-user/.rvm/gems/ruby-3.1.2/gems/rack-2.2.8.1/lib/rack/builder.rb:244:in `call'[0m
      [36m# /home/ec2-user/.rvm/gems/ruby-3.1.2/gems/rack-test-2.1.0/lib/rack/test.rb:360:in `process_request'[0m
      [36m# /home/ec2-user/.rvm/gems/ruby-3.1.2/gems/rack-test-2.1.0/lib/rack/test.rb:163:in `custom_request'[0m
      [36m# /home/ec2-user/.rvm/gems/ruby-3.1.2/gems/rack-test-2.1.0/lib/rack/test.rb:112:in `get'[0m
      [36m# /home/ec2-user/.rvm/gems/ruby-3.1.2/gems/capybara-3.40.0/lib/capybara/rack_test/browser.rb:81:in `process'[0m
      [36m# /home/ec2-user/.rvm/gems/ruby-3.1.2/gems/capybara-3.40.0/lib/capybara/rack_test/browser.rb:64:in `block in process_and_follow_redirects'[0m
      [36m# /home/ec2-user/.rvm/gems/ruby-3.1.2/gems/capybara-3.40.0/lib/capybara/rack_test/browser.rb:59:in `times'[0m
      [36m# /home/ec2-user/.rvm/gems/ruby-3.1.2/gems/capybara-3.40.0/lib/capybara/rack_test/browser.rb:59:in `process_and_follow_redirects'[0m
      [36m# /home/ec2-user/.rvm/gems/ruby-3.1.2/gems/capybara-3.40.0/lib/capybara/rack_test/browser.rb:40:in `submit'[0m
      [36m# /home/ec2-user/.rvm/gems/ruby-3.1.2/gems/capybara-3.40.0/lib/capybara/rack_test/form.rb:57:in `submit'[0m
      [36m# /home/ec2-user/.rvm/gems/ruby-3.1.2/gems/capybara-3.40.0/lib/capybara/rack_test/node.rb:69:in `click'[0m
      [36m# /home/ec2-user/.rvm/gems/ruby-3.1.2/gems/capybara-3.40.0/lib/capybara/rack_test/node.rb:131:in `call'[0m
      [36m# /home/ec2-user/.rvm/gems/ruby-3.1.2/gems/capybara-3.40.0/lib/capybara/rack_test/node.rb:131:in `click'[0m
      [36m# /home/ec2-user/.rvm/gems/ruby-3.1.2/gems/capybara-3.40.0/lib/capybara/node/element.rb:172:in `block in click'[0m
      [36m# /home/ec2-user/.rvm/gems/ruby-3.1.2/gems/capybara-3.40.0/lib/capybara/node/element.rb:608:in `block in perform_click_action'[0m
      [36m# /home/ec2-user/.rvm/gems/ruby-3.1.2/gems/capybara-3.40.0/lib/capybara/node/base.rb:84:in `synchronize'[0m
      [36m# /home/ec2-user/.rvm/gems/ruby-3.1.2/gems/capybara-3.40.0/lib/capybara/node/element.rb:608:in `perform_click_action'[0m
      [36m# /home/ec2-user/.rvm/gems/ruby-3.1.2/gems/capybara-3.40.0/lib/capybara/node/element.rb:171:in `click'[0m
      [36m# /home/ec2-user/.rvm/gems/ruby-3.1.2/gems/capybara-3.40.0/lib/capybara/node/actions.rb:58:in `click_button'[0m
      [36m# /home/ec2-user/.rvm/gems/ruby-3.1.2/gems/capybara-3.40.0/lib/capybara/session.rb:774:in `click_button'[0m
      [36m# /home/ec2-user/.rvm/gems/ruby-3.1.2/gems/capybara-3.40.0/lib/capybara/dsl.rb:52:in `call'[0m
      [36m# /home/ec2-user/.rvm/gems/ruby-3.1.2/gems/capybara-3.40.0/lib/capybara/dsl.rb:52:in `click_button'[0m
      [36m# ./spec/system/01_before_login_spec.rb:251:in `block (3 levels) in <main>'[0m

  11) [STEP3] 仕上げのテスト サクセスメッセージのテスト ユーザ新規登録成功時
      [31mFailure/Error: @book = Book.find(params[:id])[0m
      [31m[0m
      [31mActiveRecord::RecordNotFound:[0m
      [31m  Couldn't find Book with 'id'=3[0m
      [36m# ./app/controllers/users_controller.rb:26:in `show'[0m
      [36m# /home/ec2-user/.rvm/gems/ruby-3.1.2/gems/actiontext-6.1.7.7/lib/action_text/rendering.rb:20:in `with_renderer'[0m
      [36m# /home/ec2-user/.rvm/gems/ruby-3.1.2/gems/actiontext-6.1.7.7/lib/action_text/engine.rb:59:in `block (4 levels) in <class:Engine>'[0m
      [36m# /home/ec2-user/.rvm/gems/ruby-3.1.2/gems/warden-1.2.9/lib/warden/manager.rb:36:in `block in call'[0m
      [36m# /home/ec2-user/.rvm/gems/ruby-3.1.2/gems/warden-1.2.9/lib/warden/manager.rb:34:in `catch'[0m
      [36m# /home/ec2-user/.rvm/gems/ruby-3.1.2/gems/warden-1.2.9/lib/warden/manager.rb:34:in `call'[0m
      [36m# /home/ec2-user/.rvm/gems/ruby-3.1.2/gems/rack-2.2.8.1/lib/rack/tempfile_reaper.rb:15:in `call'[0m
      [36m# /home/ec2-user/.rvm/gems/ruby-3.1.2/gems/rack-2.2.8.1/lib/rack/etag.rb:27:in `call'[0m
      [36m# /home/ec2-user/.rvm/gems/ruby-3.1.2/gems/rack-2.2.8.1/lib/rack/conditional_get.rb:27:in `call'[0m
      [36m# /home/ec2-user/.rvm/gems/ruby-3.1.2/gems/rack-2.2.8.1/lib/rack/head.rb:12:in `call'[0m
      [36m# /home/ec2-user/.rvm/gems/ruby-3.1.2/gems/rack-2.2.8.1/lib/rack/session/abstract/id.rb:266:in `context'[0m
      [36m# /home/ec2-user/.rvm/gems/ruby-3.1.2/gems/rack-2.2.8.1/lib/rack/session/abstract/id.rb:260:in `call'[0m
      [36m# /home/ec2-user/.rvm/gems/ruby-3.1.2/gems/railties-6.1.7.7/lib/rails/rack/logger.rb:37:in `call_app'[0m
      [36m# /home/ec2-user/.rvm/gems/ruby-3.1.2/gems/railties-6.1.7.7/lib/rails/rack/logger.rb:26:in `block in call'[0m
      [36m# /home/ec2-user/.rvm/gems/ruby-3.1.2/gems/railties-6.1.7.7/lib/rails/rack/logger.rb:26:in `call'[0m
      [36m# /home/ec2-user/.rvm/gems/ruby-3.1.2/gems/rack-2.2.8.1/lib/rack/method_override.rb:24:in `call'[0m
      [36m# /home/ec2-user/.rvm/gems/ruby-3.1.2/gems/rack-2.2.8.1/lib/rack/runtime.rb:22:in `call'[0m
      [36m# /home/ec2-user/.rvm/gems/ruby-3.1.2/gems/rack-2.2.8.1/lib/rack/sendfile.rb:110:in `call'[0m
      [36m# /home/ec2-user/.rvm/gems/ruby-3.1.2/gems/railties-6.1.7.7/lib/rails/engine.rb:539:in `call'[0m
      [36m# /home/ec2-user/.rvm/gems/ruby-3.1.2/gems/rack-2.2.8.1/lib/rack/urlmap.rb:74:in `block in call'[0m
      [36m# /home/ec2-user/.rvm/gems/ruby-3.1.2/gems/rack-2.2.8.1/lib/rack/urlmap.rb:58:in `each'[0m
      [36m# /home/ec2-user/.rvm/gems/ruby-3.1.2/gems/rack-2.2.8.1/lib/rack/urlmap.rb:58:in `call'[0m
      [36m# /home/ec2-user/.rvm/gems/ruby-3.1.2/gems/rack-2.2.8.1/lib/rack/builder.rb:244:in `call'[0m
      [36m# /home/ec2-user/.rvm/gems/ruby-3.1.2/gems/rack-test-2.1.0/lib/rack/test.rb:360:in `process_request'[0m
      [36m# /home/ec2-user/.rvm/gems/ruby-3.1.2/gems/rack-test-2.1.0/lib/rack/test.rb:163:in `custom_request'[0m
      [36m# /home/ec2-user/.rvm/gems/ruby-3.1.2/gems/rack-test-2.1.0/lib/rack/test.rb:112:in `get'[0m
      [36m# /home/ec2-user/.rvm/gems/ruby-3.1.2/gems/capybara-3.40.0/lib/capybara/rack_test/browser.rb:81:in `process'[0m
      [36m# /home/ec2-user/.rvm/gems/ruby-3.1.2/gems/capybara-3.40.0/lib/capybara/rack_test/browser.rb:64:in `block in process_and_follow_redirects'[0m
      [36m# /home/ec2-user/.rvm/gems/ruby-3.1.2/gems/capybara-3.40.0/lib/capybara/rack_test/browser.rb:59:in `times'[0m
      [36m# /home/ec2-user/.rvm/gems/ruby-3.1.2/gems/capybara-3.40.0/lib/capybara/rack_test/browser.rb:59:in `process_and_follow_redirects'[0m
      [36m# /home/ec2-user/.rvm/gems/ruby-3.1.2/gems/capybara-3.40.0/lib/capybara/rack_test/browser.rb:40:in `submit'[0m
      [36m# /home/ec2-user/.rvm/gems/ruby-3.1.2/gems/capybara-3.40.0/lib/capybara/rack_test/form.rb:57:in `submit'[0m
      [36m# /home/ec2-user/.rvm/gems/ruby-3.1.2/gems/capybara-3.40.0/lib/capybara/rack_test/node.rb:69:in `click'[0m
      [36m# /home/ec2-user/.rvm/gems/ruby-3.1.2/gems/capybara-3.40.0/lib/capybara/rack_test/node.rb:131:in `call'[0m
      [36m# /home/ec2-user/.rvm/gems/ruby-3.1.2/gems/capybara-3.40.0/lib/capybara/rack_test/node.rb:131:in `click'[0m
      [36m# /home/ec2-user/.rvm/gems/ruby-3.1.2/gems/capybara-3.40.0/lib/capybara/node/element.rb:172:in `block in click'[0m
      [36m# /home/ec2-user/.rvm/gems/ruby-3.1.2/gems/capybara-3.40.0/lib/capybara/node/element.rb:608:in `block in perform_click_action'[0m
      [36m# /home/ec2-user/.rvm/gems/ruby-3.1.2/gems/capybara-3.40.0/lib/capybara/node/base.rb:84:in `synchronize'[0m
      [36m# /home/ec2-user/.rvm/gems/ruby-3.1.2/gems/capybara-3.40.0/lib/capybara/node/element.rb:608:in `perform_click_action'[0m
      [36m# /home/ec2-user/.rvm/gems/ruby-3.1.2/gems/capybara-3.40.0/lib/capybara/node/element.rb:171:in `click'[0m
      [36m# /home/ec2-user/.rvm/gems/ruby-3.1.2/gems/capybara-3.40.0/lib/capybara/node/actions.rb:58:in `click_button'[0m
      [36m# /home/ec2-user/.rvm/gems/ruby-3.1.2/gems/capybara-3.40.0/lib/capybara/session.rb:774:in `click_button'[0m
      [36m# /home/ec2-user/.rvm/gems/ruby-3.1.2/gems/capybara-3.40.0/lib/capybara/dsl.rb:52:in `call'[0m
      [36m# /home/ec2-user/.rvm/gems/ruby-3.1.2/gems/capybara-3.40.0/lib/capybara/dsl.rb:52:in `click_button'[0m
      [36m# ./spec/system/03_finishing_touches_spec.rb:18:in `block (3 levels) in <main>'[0m

  12) [STEP3] 仕上げのテスト 他人の画面のテスト 他人の投稿詳細画面のテスト サイドバーの確認 他人の名前と紹介文が表示される
      [31mFailure/Error: expect(page).to have_content other_user.introduction[0m
      [31m  expected to find text "ewqgsfs32mvbobsxd6ik" in "Bookers\nHome Users Books Log out\nUser info\nname gct2sxwgtc introduction 77h3j3vs7eifh7ouw5ku\nNew book\nTitle\nOpinion\nBook detail\n8he0khilci u9b2r 40i3e0lrdfol0vle8rdj\nCopyRight Infratop.inc"[0m
      [36m# ./spec/system/03_finishing_touches_spec.rb:245:in `block (5 levels) in <main>'[0m

  13) [STEP3] 仕上げのテスト 他人の画面のテスト 他人の投稿詳細画面のテスト サイドバーの確認 自分の名前と紹介文は表示されない
      [31mFailure/Error: expect(page).not_to have_content user.name[0m
      [31m  expected not to find text "7d6uk1a08n" in "Bookers\nHome Users Books Log out\nUser info\nname 7d6uk1a08n introduction otd0q5biqq1q50wysa2f\nNew book\nTitle\nOpinion\nBook detail\nt6tbpolr7u hhbz1 a1qul11xcf523bw5arqc\nCopyRight Infratop.inc"[0m
      [36m# ./spec/system/03_finishing_touches_spec.rb:251:in `block (5 levels) in <main>'[0m

  14) [STEP3] 仕上げのテスト 他人の画面のテスト 他人のユーザ詳細画面のテスト サイドバーの確認 他人の名前と紹介文が表示される
      [31mFailure/Error: expect(page).to have_content other_user.name[0m
      [31m  expected to find text "0oi7ojc5qk" in "Bookers\nHome Users Books Log out\nUser info\nname ff6dr47jwv introduction t20epv9jbxqrraw9v0se\nNew book\nTitle\nOpinion\nBooks\nTitle\nOpinion\n594ka towbh3o02hu65txf2uca\nCopyRight Infratop.inc"[0m
      [36m# ./spec/system/03_finishing_touches_spec.rb:299:in `block (5 levels) in <main>'[0m

  15) [STEP3] 仕上げのテスト 他人の画面のテスト 他人のユーザ詳細画面のテスト サイドバーの確認 自分の名前と紹介文は表示されない
      [31mFailure/Error: expect(page).not_to have_content user.name[0m
      [31m  expected not to find text "2vgx1uyngr" in "Bookers\nHome Users Books Log out\nUser info\nname 2vgx1uyngr introduction jqddzzytkcacdrpzio8m\nNew book\nTitle\nOpinion\nBooks\nTitle\nOpinion\np0xt6 dxlpnb4hdij0shqipqvr\nCopyRight Infratop.inc"[0m
      [36m# ./spec/system/03_finishing_touches_spec.rb:306:in `block (5 levels) in <main>'[0m

  16) [STEP3] 仕上げのテスト 他人の画面のテスト 他人のユーザ情報編集画面 遷移できず、自分のユーザ詳細画面にリダイレクトされる
      [31mFailure/Error: expect(current_path).to eq '/users/' + user.id.to_s[0m
      [31m[0m
      [31m  expected: "/users/1"[0m
      [31m       got: "/users"[0m
      [31m[0m
      [31m  (compared using ==)[0m
      [36m# ./spec/system/03_finishing_touches_spec.rb:318:in `block (4 levels) in <main>'[0m

Finished in 53.89 seconds (files took 1.8 seconds to load)
[31m201 examples, 16 failures[0m

Failed examples:

[31mrspec ./spec/system/01_before_login_spec.rb:147[0m [36m# [STEP1] ユーザログイン前のテスト ユーザ新規登録のテスト 新規登録成功のテスト 正しく新規登録される[0m
[31mrspec ./spec/system/01_before_login_spec.rb:150[0m [36m# [STEP1] ユーザログイン前のテスト ユーザ新規登録のテスト 新規登録成功のテスト 新規登録後のリダイレクト先が、新規登録できたユーザの詳細画面になっている[0m
[31mrspec ./spec/system/01_before_login_spec.rb:192[0m [36m# [STEP1] ユーザログイン前のテスト ユーザログイン ログイン成功のテスト ログイン後のリダイレクト先が、ログインしたユーザの詳細画面になっている[0m
[31mrspec ./spec/system/01_before_login_spec.rb:221[0m [36m# [STEP1] ユーザログイン前のテスト ヘッダーのテスト: ログインしている場合 ヘッダーの表示を確認 Bookersリンクが表示される: 左上から1番目のリンクが「Bookers」である[0m
[31mrspec ./spec/system/01_before_login_spec.rb:225[0m [36m# [STEP1] ユーザログイン前のテスト ヘッダーのテスト: ログインしている場合 ヘッダーの表示を確認 Homeリンクが表示される: 左上から2番目のリンクが「Home」である[0m
[31mrspec ./spec/system/01_before_login_spec.rb:229[0m [36m# [STEP1] ユーザログイン前のテスト ヘッダーのテスト: ログインしている場合 ヘッダーの表示を確認 Usersリンクが表示される: 左上から3番目のリンクが「Users」である[0m
[31mrspec ./spec/system/01_before_login_spec.rb:233[0m [36m# [STEP1] ユーザログイン前のテスト ヘッダーのテスト: ログインしている場合 ヘッダーの表示を確認 Booksリンクが表示される: 左上から4番目のリンクが「Books」である[0m
[31mrspec ./spec/system/01_before_login_spec.rb:237[0m [36m# [STEP1] ユーザログイン前のテスト ヘッダーのテスト: ログインしている場合 ヘッダーの表示を確認 Log outリンクが表示される: 左上から5番目のリンクが「Log out」である[0m
[31mrspec ./spec/system/01_before_login_spec.rb:258[0m [36m# [STEP1] ユーザログイン前のテスト ユーザログアウトのテスト ログアウト機能のテスト 正しくログアウトできている: ログアウト後のリダイレクト先においてAbout画面へのリンクが存在する[0m
[31mrspec ./spec/system/01_before_login_spec.rb:261[0m [36m# [STEP1] ユーザログイン前のテスト ユーザログアウトのテスト ログアウト機能のテスト ログアウト後のリダイレクト先が、トップになっている[0m
[31mrspec ./spec/system/03_finishing_touches_spec.rb:12[0m [36m# [STEP3] 仕上げのテスト サクセスメッセージのテスト ユーザ新規登録成功時[0m
[31mrspec ./spec/system/03_finishing_touches_spec.rb:243[0m [36m# [STEP3] 仕上げのテスト 他人の画面のテスト 他人の投稿詳細画面のテスト サイドバーの確認 他人の名前と紹介文が表示される[0m
[31mrspec ./spec/system/03_finishing_touches_spec.rb:250[0m [36m# [STEP3] 仕上げのテスト 他人の画面のテスト 他人の投稿詳細画面のテスト サイドバーの確認 自分の名前と紹介文は表示されない[0m
[31mrspec ./spec/system/03_finishing_touches_spec.rb:298[0m [36m# [STEP3] 仕上げのテスト 他人の画面のテスト 他人のユーザ詳細画面のテスト サイドバーの確認 他人の名前と紹介文が表示される[0m
[31mrspec ./spec/system/03_finishing_touches_spec.rb:305[0m [36m# [STEP3] 仕上げのテスト 他人の画面のテスト 他人のユーザ詳細画面のテスト サイドバーの確認 自分の名前と紹介文は表示されない[0m
[31mrspec ./spec/system/03_finishing_touches_spec.rb:316[0m [36m# [STEP3] 仕上げのテスト 他人の画面のテスト 他人のユーザ情報編集画面 遷移できず、自分のユーザ詳細画面にリダイレクトされる[0m

